Tue Feb 25 00:05:38 2014 :: Log Aldea: copyin now
Tue Feb 25 00:05:38 2014 :: Creating table of skills of length 261, tama~no 16704
Tue Feb 25 00:05:38 2014 :: Creating race_table of length 51, tama~no 5916
Tue Feb 25 00:05:38 2014 :: Table of races loaded.
Tue Feb 25 00:05:38 2014 :: Creating cmd_table of length 634, tama~no 10144
Tue Feb 25 00:05:38 2014 :: Table of commands loaded.
Tue Feb 25 00:05:38 2014 :: creating social_table of length 296, tama~no 10656
Tue Feb 25 00:05:38 2014 :: Table of socials loaded.
Tue Feb 25 00:05:38 2014 :: Loading guild data file ../data/guild.dat
Tue Feb 25 00:05:38 2014 :: Loaded 8 guilds successfully.
Tue Feb 25 00:05:38 2014 :: Loading SGuild data file ../data/sguild.dat
Tue Feb 25 00:05:38 2014 :: Loaded 4 SGuilds successfully.
Tue Feb 25 00:05:38 2014 :: Loading SSGuild data file ../data/ssguild.dat
Tue Feb 25 00:05:38 2014 :: Loaded 2 SSGuilds successfully.
Tue Feb 25 00:05:38 2014 :: [*****] BUG: Read: (null)
Tue Feb 25 00:05:38 2014 :: [*****] BUG: Read: 0
Tue Feb 25 00:05:38 2014 :: [*****] BUG: Read: 0
Tue Feb 25 00:05:38 2014 :: [*****] BUG: Fix_exits: 4122:0 -> 4124:2 -> 4127.
Tue Feb 25 00:05:38 2014 :: [*****] BUG: Fix_exits: 4122:1 -> 4125:3 -> 4125.
Tue Feb 25 00:05:38 2014 :: [*****] BUG: Fix_exits: 4124:1 -> 4129:3 -> 4127.
Tue Feb 25 00:05:38 2014 :: [*****] BUG: Fix_exits: 4124:2 -> 4127:0 -> 4125.
Tue Feb 25 00:05:38 2014 :: [*****] BUG: Fix_exits: 4124:3 -> 4128:1 -> 4121.
Tue Feb 25 00:05:38 2014 :: [*****] BUG: Fix_exits: 4125:3 -> 4125:1 -> 4121.
Tue Feb 25 00:05:38 2014 :: [*****] BUG: Fix_exits: 4126:0 -> 4127:2 -> 4127.
Tue Feb 25 00:05:38 2014 :: [*****] BUG: Fix_exits: 4126:1 -> 4124:3 -> 4128.
Tue Feb 25 00:05:38 2014 :: [*****] BUG: Fix_exits: 4126:3 -> 4129:1 -> 4122.
Tue Feb 25 00:05:38 2014 :: [*****] BUG: Fix_exits: 4127:1 -> 4122:3 -> 4130.
Tue Feb 25 00:05:38 2014 :: [*****] BUG: Fix_exits: 4127:2 -> 4127:0 -> 4125.
Tue Feb 25 00:05:38 2014 :: [*****] BUG: Fix_exits: 4127:3 -> 4121:1 -> 4123.
Tue Feb 25 00:05:38 2014 :: [*****] BUG: Fix_exits: 4128:0 -> 4128:2 -> 4123.
Tue Feb 25 00:05:38 2014 :: [*****] BUG: Fix_exits: 4128:1 -> 4121:3 -> 4125.
Tue Feb 25 00:05:38 2014 :: [*****] BUG: Fix_exits: 4129:1 -> 4122:3 -> 4130.
Tue Feb 25 00:05:38 2014 :: [*****] BUG: Fix_exits: 4129:2 -> 4127:0 -> 4125.
Tue Feb 25 00:05:38 2014 :: [*****] BUG: Fix_exits: 4129:3 -> 4127:1 -> 4122.
Tue Feb 25 00:05:38 2014 :: [*****] BUG: Fix_exits: 4130:0 -> 4130:2 -> 4131.
Tue Feb 25 00:05:38 2014 :: [*****] BUG: Fix_exits: 4130:3 -> 4130:1 -> 4122.
Tue Feb 25 00:05:38 2014 :: [*****] BUG: Fix_exits: 57:0 -> 91:2 -> 92.
Tue Feb 25 00:05:38 2014 :: [*****] BUG: Fix_exits: 57:1 -> 92:3 -> 91.
Tue Feb 25 00:05:38 2014 :: [*****] BUG: Fix_exits: 57:3 -> 92:1 -> 91.
Tue Feb 25 00:05:38 2014 :: [*****] BUG: Fix_exits: 58:1 -> 92:3 -> 91.
Tue Feb 25 00:05:38 2014 :: [*****] BUG: Fix_exits: 59:3 -> 92:1 -> 91.
Tue Feb 25 00:05:38 2014 :: [*****] BUG: Fix_exits: 64:0 -> 92:2 -> 91.
Tue Feb 25 00:05:38 2014 :: [*****] BUG: Fix_exits: 65:1 -> 91:3 -> 92.
Tue Feb 25 00:05:38 2014 :: [*****] BUG: Fix_exits: 65:3 -> 92:1 -> 91.
Tue Feb 25 00:05:38 2014 :: [*****] BUG: Fix_exits: 66:3 -> 91:1 -> 92.
Tue Feb 25 00:05:38 2014 :: [*****] BUG: Fix_exits: 84:2 -> 84:0 -> 85.
Tue Feb 25 00:05:38 2014 :: [*****] BUG: Fix_exits: 84:3 -> 84:1 -> 83.
Tue Feb 25 00:05:38 2014 :: [*****] BUG: Fix_exits: 90:0 -> 91:2 -> 92.
Tue Feb 25 00:05:38 2014 :: [*****] BUG: Fix_exits: 90:1 -> 92:3 -> 91.
Tue Feb 25 00:05:38 2014 :: [*****] BUG: Fix_exits: 90:3 -> 91:1 -> 92.
Tue Feb 25 00:05:38 2014 :: [*****] BUG: Fix_exits: 93:1 -> 91:3 -> 92.
Tue Feb 25 00:05:38 2014 :: [*****] BUG: Fix_exits: 93:2 -> 92:0 -> 91.
Tue Feb 25 00:05:38 2014 :: [*****] BUG: Fix_exits: 93:3 -> 91:1 -> 92.
Tue Feb 25 00:05:38 2014 :: [*****] BUG: Fix_exits: 94:0 -> 91:2 -> 92.
Tue Feb 25 00:05:38 2014 :: [*****] BUG: Fix_exits: 94:1 -> 92:3 -> 91.
Tue Feb 25 00:05:38 2014 :: [*****] BUG: Fix_exits: 94:2 -> 91:0 -> 92.
Tue Feb 25 00:05:38 2014 :: [*****] BUG: Fix_exits: 95:0 -> 92:2 -> 91.
Tue Feb 25 00:05:38 2014 :: [*****] BUG: Fix_exits: 95:1 -> 91:3 -> 92.
Tue Feb 25 00:05:38 2014 :: [*****] BUG: Fix_exits: 95:2 -> 92:0 -> 91.
Tue Feb 25 00:05:38 2014 :: [*****] BUG: Fix_exits: 96:1 -> 91:3 -> 92.
Tue Feb 25 00:05:38 2014 :: [*****] BUG: Fix_exits: 96:2 -> 91:0 -> 92.
Tue Feb 25 00:05:38 2014 :: [*****] BUG: Fix_exits: 96:3 -> 92:1 -> 91.
Tue Feb 25 00:05:38 2014 :: [*****] BUG: Fix_exits: 97:0 -> 91:2 -> 92.
Tue Feb 25 00:05:38 2014 :: [*****] BUG: Fix_exits: 97:1 -> 92:3 -> 91.
Tue Feb 25 00:05:38 2014 :: [*****] BUG: Fix_exits: 97:2 -> 91:0 -> 92.
Tue Feb 25 00:05:38 2014 :: [*****] BUG: Fix_exits: 31004:0 -> 9947:2 -> 9904.
Tue Feb 25 00:05:38 2014 :: [*****] BUG: Fix_exits: 31013:1 -> 31012:3 -> 31010.
Tue Feb 25 00:05:38 2014 :: [*****] BUG: Fix_exits: 31013:3 -> 31011:1 -> 31010.
Tue Feb 25 00:05:38 2014 :: [*****] BUG: Fix_exits: 489:1 -> 490:3 -> 491.
Tue Feb 25 00:05:38 2014 :: [*****] BUG: Fix_exits: 490:3 -> 491:1 -> 492.
Tue Feb 25 00:05:38 2014 :: [*****] BUG: Fix_exits: 491:1 -> 492:3 -> 493.
Tue Feb 25 00:05:38 2014 :: [*****] BUG: Fix_exits: 491:3 -> 456:1 -> 489.
Tue Feb 25 00:05:38 2014 :: [*****] BUG: Fix_exits: 492:3 -> 493:1 -> 494.
Tue Feb 25 00:05:38 2014 :: [*****] BUG: Fix_exits: 492:5 -> 495:4 -> 490.
Tue Feb 25 00:05:38 2014 :: [*****] BUG: Fix_exits: 493:1 -> 494:3 -> 489.
Tue Feb 25 00:05:38 2014 :: [*****] BUG: Fix_exits: 493:3 -> 456:1 -> 489.
Tue Feb 25 00:05:38 2014 :: [*****] BUG: Fix_exits: 494:3 -> 489:1 -> 490.
Tue Feb 25 00:05:38 2014 :: [*****] BUG: Fix_exits: 29169:1 -> 29183:3 -> 29184.
Tue Feb 25 00:05:38 2014 :: [*****] BUG: Fix_exits: 27511:5 -> 40464:4 -> 57503.
Tue Feb 25 00:05:38 2014 :: [*****] BUG: Fix_exits: 37776:2 -> 14516:0 -> 14515.
Tue Feb 25 00:05:38 2014 :: [*****] BUG: Fix_exits: 37997:1 -> 55982:3 -> 55981.
Tue Feb 25 00:05:38 2014 :: [*****] BUG: Fix_exits: 5450:3 -> 5450:1 -> 5462.
Tue Feb 25 00:05:38 2014 :: [*****] BUG: Fix_exits: 5454:3 -> 5454:1 -> 5457.
Tue Feb 25 00:05:38 2014 :: [*****] BUG: Fix_exits: 5460:1 -> 5460:3 -> 5459.
Tue Feb 25 00:05:38 2014 :: [*****] BUG: Fix_exits: 5460:2 -> 5460:0 -> 5461.
Tue Feb 25 00:05:38 2014 :: [*****] BUG: Fix_exits: 28241:1 -> 28242:3 -> 28242.
Tue Feb 25 00:05:38 2014 :: [*****] BUG: Fix_exits: 28241:3 -> 28242:1 -> 28242.
Tue Feb 25 00:05:38 2014 :: [*****] BUG: Fix_exits: 28253:0 -> 28182:2 -> 28181.
Tue Feb 25 00:05:38 2014 :: [*****] BUG: Fix_exits: 30432:5 -> 30439:4 -> 30336.
Tue Feb 25 00:05:38 2014 :: [*****] BUG: Fix_exits: 18156:3 -> 18152:1 -> 18154.
Tue Feb 25 00:05:38 2014 :: [*****] BUG: Fix_exits: 18164:2 -> 18153:0 -> 18151.
Tue Feb 25 00:05:38 2014 :: [*****] BUG: Fix_exits: 18166:3 -> 18165:1 -> 18153.
Tue Feb 25 00:05:38 2014 :: [*****] BUG: Fix_exits: 3831:5 -> 3837:4 -> 3839.
Tue Feb 25 00:05:38 2014 :: [*****] BUG: Fix_exits: 3839:4 -> 3831:5 -> 3837.
Tue Feb 25 00:05:38 2014 :: [*****] BUG: Fix_exits: 5894:1 -> 5895:3 -> 5827.
Tue Feb 25 00:05:38 2014 :: [*****] BUG: Fix_exits: 5895:1 -> 5850:3 -> 5870.
Tue Feb 25 00:05:38 2014 :: [*****] BUG: Fix_exits: 5895:2 -> 5833:0 -> 5825.
Tue Feb 25 00:05:38 2014 :: [*****] BUG: Fix_exits: 5895:3 -> 5827:1 -> 5826.
Tue Feb 25 00:05:38 2014 :: [*****] BUG: Fix_exits: 4083:0 -> 4084:2 -> 4085.
Tue Feb 25 00:05:38 2014 :: [*****] BUG: Fix_exits: 4084:2 -> 4085:0 -> 4086.
Tue Feb 25 00:05:38 2014 :: [*****] BUG: Fix_exits: 4085:0 -> 4086:2 -> 4087.
Tue Feb 25 00:05:38 2014 :: [*****] BUG: Fix_exits: 4085:2 -> 4082:0 -> 4083.
Tue Feb 25 00:05:38 2014 :: [*****] BUG: Fix_exits: 4086:2 -> 4087:0 -> 4088.
Tue Feb 25 00:05:38 2014 :: [*****] BUG: Fix_exits: 4087:2 -> 4082:0 -> 4083.
Tue Feb 25 00:05:38 2014 :: [*****] BUG: Fix_mobprogs: code vnum 40200 not found.
Tue Feb 25 00:05:38 2014 :: [*****] BUG: Fix_mobprogs: code vnum 40201 not found.
Tue Feb 25 00:05:38 2014 :: [*****] BUG: Equip_char: already equipped (5).
Tue Feb 25 00:05:38 2014 :: Err: obj {DA {Rleader {Bsword{x (3798) -- 1, mob a training dummy (3768) -- 90
Tue Feb 25 00:05:38 2014 :: [*****] BUG: Equip_char: already equipped (19).
Tue Feb 25 00:05:38 2014 :: [*****] BUG: Equip_char: already equipped (19).
Tue Feb 25 00:05:38 2014 :: [*****] BUG: Equip_char: already equipped (20).
Tue Feb 25 00:05:38 2014 :: [*****] BUG: Equip_char: already equipped (5).
Tue Feb 25 00:05:38 2014 :: Err: obj a {Ys{yi{Wgn{ye{Yt r{yin{Yg{x (39574) -- 50, mob a hawker (39520) -- 40
Tue Feb 25 00:05:38 2014 :: Err: obj a {Ys{yi{Wgn{ye{Yt r{yin{Yg{x (39574) -- 50, mob a hawker (39520) -- 40
Tue Feb 25 00:05:38 2014 :: Err: obj a {Wc{wo{Wtt{wo{Wn a{yp{wr{yo{Wn{x (39567) -- 40, mob mistress of the house (39514) -- 30
Tue Feb 25 00:05:38 2014 :: Err: obj a {Wc{wo{Wtt{wo{Wn a{yp{wr{yo{Wn{x (39567) -- 40, mob mistress of the house (39514) -- 30
Tue Feb 25 00:05:38 2014 :: Loading board ../notes/Announce
Tue Feb 25 00:05:38 2014 :: Loading board ../notes/General
Tue Feb 25 00:05:38 2014 :: Loading board ../notes/Ideas
Tue Feb 25 00:05:38 2014 :: Loading board ../notes/Personal
Tue Feb 25 00:05:38 2014 :: Loading board ../notes/Guild
Tue Feb 25 00:05:38 2014 :: Loading board ../notes/Stories
Tue Feb 25 00:05:38 2014 :: Loading board ../notes/Bugs
Tue Feb 25 00:05:38 2014 :: Loading board ../notes/Permanent
Tue Feb 25 00:05:38 2014 :: Loading board ../notes/Admin
Tue Feb 25 00:05:38 2014 :: Loading board ../notes/PK
Tue Feb 25 00:05:38 2014 :: Loading board ../notes/Immortal
Tue Feb 25 00:05:38 2014 :: Loading board ../notes/Newplayers
Tue Feb 25 00:05:38 2014 :: Loaded 12 boards sucessfully.
Tue Feb 25 00:05:38 2014 :: Looking for Keepers
Tue Feb 25 00:05:38 2014 :: Error loading Keepers: No Keepers found
Tue Feb 25 00:05:38 2014 :: Looking for Vehicles
Tue Feb 25 00:05:38 2014 :: Error loading Vehicles: No Vehicles found
Tue Feb 25 00:05:38 2014 :: Shadows is ready to rock on port 4000.
Tue Feb 25 00:05:38 2014 :: Copyover recovery initiated
Tue Feb 25 00:05:38 2014 :: Loading Aldea.
Tue Feb 25 00:05:38 2014 :: [*****] BUG: Fread_char: no match.
Tue Feb 25 00:05:38 2014 :: [*****] BUG: Lastsite
Tue Feb 25 00:05:38 2014 :: [*****] BUG: Fread_char: no match.
Tue Feb 25 00:05:38 2014 :: [*****] BUG: ~
Tue Feb 25 00:05:38 2014 :: [*****] BUG: Fread_char: no match.
Tue Feb 25 00:05:38 2014 :: [*****] BUG: ~
Tue Feb 25 00:06:45 2014 :: Log Aldea: shutdown now
Tue Feb 25 00:06:45 2014 :: Closing link to Aldea.
Tue Feb 25 00:06:45 2014 :: Normal termination of game.
Tue Feb 25 00:06:47 2014 :: Creating table of skills of length 261, tama~no 16704
Tue Feb 25 00:06:47 2014 :: Creating race_table of length 51, tama~no 5916
Tue Feb 25 00:06:47 2014 :: Table of races loaded.
Tue Feb 25 00:06:47 2014 :: Creating cmd_table of length 634, tama~no 10144
Tue Feb 25 00:06:47 2014 :: Table of commands loaded.
Tue Feb 25 00:06:47 2014 :: creating social_table of length 296, tama~no 10656
Tue Feb 25 00:06:47 2014 :: Table of socials loaded.
Tue Feb 25 00:06:47 2014 :: Loading guild data file ../data/guild.dat
Tue Feb 25 00:06:47 2014 :: Loaded 8 guilds successfully.
Tue Feb 25 00:06:47 2014 :: Loading SGuild data file ../data/sguild.dat
Tue Feb 25 00:06:47 2014 :: Loaded 4 SGuilds successfully.
Tue Feb 25 00:06:47 2014 :: Loading TGuild data file ../data/tguild.dat
Tue Feb 25 00:06:47 2014 :: Loaded 2 TGuilds successfully.
Tue Feb 25 00:06:47 2014 :: [*****] BUG: Read: (null)
Tue Feb 25 00:06:47 2014 :: [*****] BUG: Read: 0
Tue Feb 25 00:06:47 2014 :: [*****] BUG: Read: 0
Tue Feb 25 00:06:47 2014 :: [*****] BUG: Fix_exits: 4122:0 -> 4124:2 -> 4127.
Tue Feb 25 00:06:47 2014 :: [*****] BUG: Fix_exits: 4122:1 -> 4125:3 -> 4125.
Tue Feb 25 00:06:47 2014 :: [*****] BUG: Fix_exits: 4124:1 -> 4129:3 -> 4127.
Tue Feb 25 00:06:47 2014 :: [*****] BUG: Fix_exits: 4124:2 -> 4127:0 -> 4125.
Tue Feb 25 00:06:47 2014 :: [*****] BUG: Fix_exits: 4124:3 -> 4128:1 -> 4121.
Tue Feb 25 00:06:47 2014 :: [*****] BUG: Fix_exits: 4125:3 -> 4125:1 -> 4121.
Tue Feb 25 00:06:47 2014 :: [*****] BUG: Fix_exits: 4126:0 -> 4127:2 -> 4127.
Tue Feb 25 00:06:47 2014 :: [*****] BUG: Fix_exits: 4126:1 -> 4124:3 -> 4128.
Tue Feb 25 00:06:47 2014 :: [*****] BUG: Fix_exits: 4126:3 -> 4129:1 -> 4122.
Tue Feb 25 00:06:47 2014 :: [*****] BUG: Fix_exits: 4127:1 -> 4122:3 -> 4130.
Tue Feb 25 00:06:47 2014 :: [*****] BUG: Fix_exits: 4127:2 -> 4127:0 -> 4125.
Tue Feb 25 00:06:47 2014 :: [*****] BUG: Fix_exits: 4127:3 -> 4121:1 -> 4123.
Tue Feb 25 00:06:47 2014 :: [*****] BUG: Fix_exits: 4128:0 -> 4128:2 -> 4123.
Tue Feb 25 00:06:47 2014 :: [*****] BUG: Fix_exits: 4128:1 -> 4121:3 -> 4125.
Tue Feb 25 00:06:47 2014 :: [*****] BUG: Fix_exits: 4129:1 -> 4122:3 -> 4130.
Tue Feb 25 00:06:47 2014 :: [*****] BUG: Fix_exits: 4129:2 -> 4127:0 -> 4125.
Tue Feb 25 00:06:47 2014 :: [*****] BUG: Fix_exits: 4129:3 -> 4127:1 -> 4122.
Tue Feb 25 00:06:47 2014 :: [*****] BUG: Fix_exits: 4130:0 -> 4130:2 -> 4131.
Tue Feb 25 00:06:47 2014 :: [*****] BUG: Fix_exits: 4130:3 -> 4130:1 -> 4122.
Tue Feb 25 00:06:47 2014 :: [*****] BUG: Fix_exits: 57:0 -> 91:2 -> 92.
Tue Feb 25 00:06:47 2014 :: [*****] BUG: Fix_exits: 57:1 -> 92:3 -> 91.
Tue Feb 25 00:06:47 2014 :: [*****] BUG: Fix_exits: 57:3 -> 92:1 -> 91.
Tue Feb 25 00:06:47 2014 :: [*****] BUG: Fix_exits: 58:1 -> 92:3 -> 91.
Tue Feb 25 00:06:47 2014 :: [*****] BUG: Fix_exits: 59:3 -> 92:1 -> 91.
Tue Feb 25 00:06:47 2014 :: [*****] BUG: Fix_exits: 64:0 -> 92:2 -> 91.
Tue Feb 25 00:06:47 2014 :: [*****] BUG: Fix_exits: 65:1 -> 91:3 -> 92.
Tue Feb 25 00:06:47 2014 :: [*****] BUG: Fix_exits: 65:3 -> 92:1 -> 91.
Tue Feb 25 00:06:47 2014 :: [*****] BUG: Fix_exits: 66:3 -> 91:1 -> 92.
Tue Feb 25 00:06:47 2014 :: [*****] BUG: Fix_exits: 84:2 -> 84:0 -> 85.
Tue Feb 25 00:06:47 2014 :: [*****] BUG: Fix_exits: 84:3 -> 84:1 -> 83.
Tue Feb 25 00:06:47 2014 :: [*****] BUG: Fix_exits: 90:0 -> 91:2 -> 92.
Tue Feb 25 00:06:47 2014 :: [*****] BUG: Fix_exits: 90:1 -> 92:3 -> 91.
Tue Feb 25 00:06:47 2014 :: [*****] BUG: Fix_exits: 90:3 -> 91:1 -> 92.
Tue Feb 25 00:06:47 2014 :: [*****] BUG: Fix_exits: 93:1 -> 91:3 -> 92.
Tue Feb 25 00:06:47 2014 :: [*****] BUG: Fix_exits: 93:2 -> 92:0 -> 91.
Tue Feb 25 00:06:47 2014 :: [*****] BUG: Fix_exits: 93:3 -> 91:1 -> 92.
Tue Feb 25 00:06:47 2014 :: [*****] BUG: Fix_exits: 94:0 -> 91:2 -> 92.
Tue Feb 25 00:06:47 2014 :: [*****] BUG: Fix_exits: 94:1 -> 92:3 -> 91.
Tue Feb 25 00:06:47 2014 :: [*****] BUG: Fix_exits: 94:2 -> 91:0 -> 92.
Tue Feb 25 00:06:47 2014 :: [*****] BUG: Fix_exits: 95:0 -> 92:2 -> 91.
Tue Feb 25 00:06:47 2014 :: [*****] BUG: Fix_exits: 95:1 -> 91:3 -> 92.
Tue Feb 25 00:06:47 2014 :: [*****] BUG: Fix_exits: 95:2 -> 92:0 -> 91.
Tue Feb 25 00:06:47 2014 :: [*****] BUG: Fix_exits: 96:1 -> 91:3 -> 92.
Tue Feb 25 00:06:47 2014 :: [*****] BUG: Fix_exits: 96:2 -> 91:0 -> 92.
Tue Feb 25 00:06:47 2014 :: [*****] BUG: Fix_exits: 96:3 -> 92:1 -> 91.
Tue Feb 25 00:06:47 2014 :: [*****] BUG: Fix_exits: 97:0 -> 91:2 -> 92.
Tue Feb 25 00:06:47 2014 :: [*****] BUG: Fix_exits: 97:1 -> 92:3 -> 91.
Tue Feb 25 00:06:47 2014 :: [*****] BUG: Fix_exits: 97:2 -> 91:0 -> 92.
Tue Feb 25 00:06:47 2014 :: [*****] BUG: Fix_exits: 31004:0 -> 9947:2 -> 9904.
Tue Feb 25 00:06:47 2014 :: [*****] BUG: Fix_exits: 31013:1 -> 31012:3 -> 31010.
Tue Feb 25 00:06:47 2014 :: [*****] BUG: Fix_exits: 31013:3 -> 31011:1 -> 31010.
Tue Feb 25 00:06:47 2014 :: [*****] BUG: Fix_exits: 489:1 -> 490:3 -> 491.
Tue Feb 25 00:06:47 2014 :: [*****] BUG: Fix_exits: 490:3 -> 491:1 -> 492.
Tue Feb 25 00:06:47 2014 :: [*****] BUG: Fix_exits: 491:1 -> 492:3 -> 493.
Tue Feb 25 00:06:47 2014 :: [*****] BUG: Fix_exits: 491:3 -> 456:1 -> 489.
Tue Feb 25 00:06:47 2014 :: [*****] BUG: Fix_exits: 492:3 -> 493:1 -> 494.
Tue Feb 25 00:06:47 2014 :: [*****] BUG: Fix_exits: 492:5 -> 495:4 -> 490.
Tue Feb 25 00:06:47 2014 :: [*****] BUG: Fix_exits: 493:1 -> 494:3 -> 489.
Tue Feb 25 00:06:47 2014 :: [*****] BUG: Fix_exits: 493:3 -> 456:1 -> 489.
Tue Feb 25 00:06:47 2014 :: [*****] BUG: Fix_exits: 494:3 -> 489:1 -> 490.
Tue Feb 25 00:06:47 2014 :: [*****] BUG: Fix_exits: 29169:1 -> 29183:3 -> 29184.
Tue Feb 25 00:06:47 2014 :: [*****] BUG: Fix_exits: 27511:5 -> 40464:4 -> 57503.
Tue Feb 25 00:06:47 2014 :: [*****] BUG: Fix_exits: 37776:2 -> 14516:0 -> 14515.
Tue Feb 25 00:06:47 2014 :: [*****] BUG: Fix_exits: 37997:1 -> 55982:3 -> 55981.
Tue Feb 25 00:06:47 2014 :: [*****] BUG: Fix_exits: 5450:3 -> 5450:1 -> 5462.
Tue Feb 25 00:06:47 2014 :: [*****] BUG: Fix_exits: 5454:3 -> 5454:1 -> 5457.
Tue Feb 25 00:06:47 2014 :: [*****] BUG: Fix_exits: 5460:1 -> 5460:3 -> 5459.
Tue Feb 25 00:06:47 2014 :: [*****] BUG: Fix_exits: 5460:2 -> 5460:0 -> 5461.
Tue Feb 25 00:06:47 2014 :: [*****] BUG: Fix_exits: 28241:1 -> 28242:3 -> 28242.
Tue Feb 25 00:06:47 2014 :: [*****] BUG: Fix_exits: 28241:3 -> 28242:1 -> 28242.
Tue Feb 25 00:06:47 2014 :: [*****] BUG: Fix_exits: 28253:0 -> 28182:2 -> 28181.
Tue Feb 25 00:06:47 2014 :: [*****] BUG: Fix_exits: 30432:5 -> 30439:4 -> 30336.
Tue Feb 25 00:06:47 2014 :: [*****] BUG: Fix_exits: 18156:3 -> 18152:1 -> 18154.
Tue Feb 25 00:06:47 2014 :: [*****] BUG: Fix_exits: 18164:2 -> 18153:0 -> 18151.
Tue Feb 25 00:06:47 2014 :: [*****] BUG: Fix_exits: 18166:3 -> 18165:1 -> 18153.
Tue Feb 25 00:06:47 2014 :: [*****] BUG: Fix_exits: 3831:5 -> 3837:4 -> 3839.
Tue Feb 25 00:06:47 2014 :: [*****] BUG: Fix_exits: 3839:4 -> 3831:5 -> 3837.
Tue Feb 25 00:06:47 2014 :: [*****] BUG: Fix_exits: 5894:1 -> 5895:3 -> 5827.
Tue Feb 25 00:06:47 2014 :: [*****] BUG: Fix_exits: 5895:1 -> 5850:3 -> 5870.
Tue Feb 25 00:06:47 2014 :: [*****] BUG: Fix_exits: 5895:2 -> 5833:0 -> 5825.
Tue Feb 25 00:06:47 2014 :: [*****] BUG: Fix_exits: 5895:3 -> 5827:1 -> 5826.
Tue Feb 25 00:06:47 2014 :: [*****] BUG: Fix_exits: 4083:0 -> 4084:2 -> 4085.
Tue Feb 25 00:06:47 2014 :: [*****] BUG: Fix_exits: 4084:2 -> 4085:0 -> 4086.
Tue Feb 25 00:06:47 2014 :: [*****] BUG: Fix_exits: 4085:0 -> 4086:2 -> 4087.
Tue Feb 25 00:06:47 2014 :: [*****] BUG: Fix_exits: 4085:2 -> 4082:0 -> 4083.
Tue Feb 25 00:06:47 2014 :: [*****] BUG: Fix_exits: 4086:2 -> 4087:0 -> 4088.
Tue Feb 25 00:06:47 2014 :: [*****] BUG: Fix_exits: 4087:2 -> 4082:0 -> 4083.
Tue Feb 25 00:06:47 2014 :: [*****] BUG: Fix_mobprogs: code vnum 40200 not found.
Tue Feb 25 00:06:47 2014 :: [*****] BUG: Fix_mobprogs: code vnum 40201 not found.
Tue Feb 25 00:06:47 2014 :: [*****] BUG: Equip_char: already equipped (5).
Tue Feb 25 00:06:47 2014 :: Err: obj {DA {Rleader {Bsword{x (3798) -- 1, mob a training dummy (3768) -- 90
Tue Feb 25 00:06:47 2014 :: [*****] BUG: Equip_char: already equipped (19).
Tue Feb 25 00:06:47 2014 :: [*****] BUG: Equip_char: already equipped (19).
Tue Feb 25 00:06:47 2014 :: [*****] BUG: Equip_char: already equipped (20).
Tue Feb 25 00:06:47 2014 :: [*****] BUG: Equip_char: already equipped (5).
Tue Feb 25 00:06:47 2014 :: Err: obj a {Ys{yi{Wgn{ye{Yt r{yin{Yg{x (39574) -- 50, mob a hawker (39520) -- 40
Tue Feb 25 00:06:47 2014 :: Err: obj a {Ys{yi{Wgn{ye{Yt r{yin{Yg{x (39574) -- 50, mob a hawker (39520) -- 40
Tue Feb 25 00:06:47 2014 :: Err: obj a {Wc{wo{Wtt{wo{Wn a{yp{wr{yo{Wn{x (39567) -- 40, mob mistress of the house (39514) -- 30
Tue Feb 25 00:06:47 2014 :: Err: obj a {Wc{wo{Wtt{wo{Wn a{yp{wr{yo{Wn{x (39567) -- 40, mob mistress of the house (39514) -- 30
Tue Feb 25 00:06:47 2014 :: Loading board ../notes/Announce
Tue Feb 25 00:06:47 2014 :: Loading board ../notes/General
Tue Feb 25 00:06:47 2014 :: Loading board ../notes/Ideas
Tue Feb 25 00:06:47 2014 :: Loading board ../notes/Personal
Tue Feb 25 00:06:47 2014 :: Loading board ../notes/Guild
Tue Feb 25 00:06:47 2014 :: Loading board ../notes/Stories
Tue Feb 25 00:06:47 2014 :: Loading board ../notes/Bugs
Tue Feb 25 00:06:47 2014 :: Loading board ../notes/Permanent
Tue Feb 25 00:06:47 2014 :: Loading board ../notes/Admin
Tue Feb 25 00:06:47 2014 :: Loading board ../notes/PK
Tue Feb 25 00:06:47 2014 :: Loading board ../notes/Immortal
Tue Feb 25 00:06:47 2014 :: Loading board ../notes/Newplayers
Tue Feb 25 00:06:47 2014 :: Loaded 12 boards sucessfully.
Tue Feb 25 00:06:47 2014 :: Looking for Keepers
Tue Feb 25 00:06:47 2014 :: Error loading Keepers: No Keepers found
Tue Feb 25 00:06:47 2014 :: Looking for Vehicles
Tue Feb 25 00:06:47 2014 :: Error loading Vehicles: No Vehicles found
Tue Feb 25 00:06:47 2014 :: Shadows is ready to rock on port 4000.
Tue Feb 25 00:06:49 2014 :: Sock.sinaddr:  10.0.0.4
Tue Feb 25 00:06:52 2014 :: Loading Aldea.
Tue Feb 25 00:06:52 2014 :: [*****] BUG: Fread_char: no match.
Tue Feb 25 00:06:52 2014 :: [*****] BUG: Lastsite
Tue Feb 25 00:06:52 2014 :: [*****] BUG: Fread_char: no match.
Tue Feb 25 00:06:52 2014 :: [*****] BUG: ~
Tue Feb 25 00:06:52 2014 :: [*****] BUG: Fread_char: no match.
Tue Feb 25 00:06:52 2014 :: [*****] BUG: ~
Tue Feb 25 00:06:54 2014 :: Aldea@10.0.0.4 has connected.
Tue Feb 25 00:06:56 2014 :: Vote_click_check for <Aldea> checked <0> entries - used time=0sec
Tue Feb 25 00:13:16 2014 :: Log Aldea: reboot
Tue Feb 25 00:13:16 2014 :: Closing link to Aldea.
Tue Feb 25 00:13:16 2014 :: Normal termination of game.
Tue Feb 25 00:14:01 2014 :: Creating table of skills of length 261, tama~no 16704
Tue Feb 25 00:14:01 2014 :: Creating race_table of length 51, tama~no 5916
Tue Feb 25 00:14:01 2014 :: Table of races loaded.
Tue Feb 25 00:14:01 2014 :: Creating cmd_table of length 634, tama~no 10144
Tue Feb 25 00:14:01 2014 :: Table of commands loaded.
Tue Feb 25 00:14:01 2014 :: creating social_table of length 296, tama~no 10656
Tue Feb 25 00:14:01 2014 :: Table of socials loaded.
Tue Feb 25 00:14:01 2014 :: Loading guild data file ../data/guild.dat
Tue Feb 25 00:14:01 2014 :: Loaded 8 guilds successfully.
Tue Feb 25 00:14:01 2014 :: Loading SGuild data file ../data/sguild.dat
Tue Feb 25 00:14:01 2014 :: Loaded 4 SGuilds successfully.
Tue Feb 25 00:14:01 2014 :: Loading TGuild data file ../data/tguild.dat
Tue Feb 25 00:14:01 2014 :: Loaded 2 TGuilds successfully.
Tue Feb 25 00:14:01 2014 :: [*****] BUG: Read: (null)
Tue Feb 25 00:14:01 2014 :: [*****] BUG: Read: 0
Tue Feb 25 00:14:01 2014 :: [*****] BUG: Read: 0
Tue Feb 25 00:14:01 2014 :: [*****] BUG: Fix_exits: 4122:0 -> 4124:2 -> 4127.
Tue Feb 25 00:14:01 2014 :: [*****] BUG: Fix_exits: 4122:1 -> 4125:3 -> 4125.
Tue Feb 25 00:14:01 2014 :: [*****] BUG: Fix_exits: 4124:1 -> 4129:3 -> 4127.
Tue Feb 25 00:14:01 2014 :: [*****] BUG: Fix_exits: 4124:2 -> 4127:0 -> 4125.
Tue Feb 25 00:14:01 2014 :: [*****] BUG: Fix_exits: 4124:3 -> 4128:1 -> 4121.
Tue Feb 25 00:14:01 2014 :: [*****] BUG: Fix_exits: 4125:3 -> 4125:1 -> 4121.
Tue Feb 25 00:14:01 2014 :: [*****] BUG: Fix_exits: 4126:0 -> 4127:2 -> 4127.
Tue Feb 25 00:14:01 2014 :: [*****] BUG: Fix_exits: 4126:1 -> 4124:3 -> 4128.
Tue Feb 25 00:14:01 2014 :: [*****] BUG: Fix_exits: 4126:3 -> 4129:1 -> 4122.
Tue Feb 25 00:14:01 2014 :: [*****] BUG: Fix_exits: 4127:1 -> 4122:3 -> 4130.
Tue Feb 25 00:14:01 2014 :: [*****] BUG: Fix_exits: 4127:2 -> 4127:0 -> 4125.
Tue Feb 25 00:14:01 2014 :: [*****] BUG: Fix_exits: 4127:3 -> 4121:1 -> 4123.
Tue Feb 25 00:14:01 2014 :: [*****] BUG: Fix_exits: 4128:0 -> 4128:2 -> 4123.
Tue Feb 25 00:14:01 2014 :: [*****] BUG: Fix_exits: 4128:1 -> 4121:3 -> 4125.
Tue Feb 25 00:14:01 2014 :: [*****] BUG: Fix_exits: 4129:1 -> 4122:3 -> 4130.
Tue Feb 25 00:14:01 2014 :: [*****] BUG: Fix_exits: 4129:2 -> 4127:0 -> 4125.
Tue Feb 25 00:14:01 2014 :: [*****] BUG: Fix_exits: 4129:3 -> 4127:1 -> 4122.
Tue Feb 25 00:14:01 2014 :: [*****] BUG: Fix_exits: 4130:0 -> 4130:2 -> 4131.
Tue Feb 25 00:14:01 2014 :: [*****] BUG: Fix_exits: 4130:3 -> 4130:1 -> 4122.
Tue Feb 25 00:14:01 2014 :: [*****] BUG: Fix_exits: 57:0 -> 91:2 -> 92.
Tue Feb 25 00:14:01 2014 :: [*****] BUG: Fix_exits: 57:1 -> 92:3 -> 91.
Tue Feb 25 00:14:01 2014 :: [*****] BUG: Fix_exits: 57:3 -> 92:1 -> 91.
Tue Feb 25 00:14:01 2014 :: [*****] BUG: Fix_exits: 58:1 -> 92:3 -> 91.
Tue Feb 25 00:14:01 2014 :: [*****] BUG: Fix_exits: 59:3 -> 92:1 -> 91.
Tue Feb 25 00:14:01 2014 :: [*****] BUG: Fix_exits: 64:0 -> 92:2 -> 91.
Tue Feb 25 00:14:01 2014 :: [*****] BUG: Fix_exits: 65:1 -> 91:3 -> 92.
Tue Feb 25 00:14:01 2014 :: [*****] BUG: Fix_exits: 65:3 -> 92:1 -> 91.
Tue Feb 25 00:14:01 2014 :: [*****] BUG: Fix_exits: 66:3 -> 91:1 -> 92.
Tue Feb 25 00:14:01 2014 :: [*****] BUG: Fix_exits: 84:2 -> 84:0 -> 85.
Tue Feb 25 00:14:01 2014 :: [*****] BUG: Fix_exits: 84:3 -> 84:1 -> 83.
Tue Feb 25 00:14:01 2014 :: [*****] BUG: Fix_exits: 90:0 -> 91:2 -> 92.
Tue Feb 25 00:14:01 2014 :: [*****] BUG: Fix_exits: 90:1 -> 92:3 -> 91.
Tue Feb 25 00:14:01 2014 :: [*****] BUG: Fix_exits: 90:3 -> 91:1 -> 92.
Tue Feb 25 00:14:01 2014 :: [*****] BUG: Fix_exits: 93:1 -> 91:3 -> 92.
Tue Feb 25 00:14:01 2014 :: [*****] BUG: Fix_exits: 93:2 -> 92:0 -> 91.
Tue Feb 25 00:14:01 2014 :: [*****] BUG: Fix_exits: 93:3 -> 91:1 -> 92.
Tue Feb 25 00:14:01 2014 :: [*****] BUG: Fix_exits: 94:0 -> 91:2 -> 92.
Tue Feb 25 00:14:01 2014 :: [*****] BUG: Fix_exits: 94:1 -> 92:3 -> 91.
Tue Feb 25 00:14:01 2014 :: [*****] BUG: Fix_exits: 94:2 -> 91:0 -> 92.
Tue Feb 25 00:14:01 2014 :: [*****] BUG: Fix_exits: 95:0 -> 92:2 -> 91.
Tue Feb 25 00:14:01 2014 :: [*****] BUG: Fix_exits: 95:1 -> 91:3 -> 92.
Tue Feb 25 00:14:01 2014 :: [*****] BUG: Fix_exits: 95:2 -> 92:0 -> 91.
Tue Feb 25 00:14:01 2014 :: [*****] BUG: Fix_exits: 96:1 -> 91:3 -> 92.
Tue Feb 25 00:14:01 2014 :: [*****] BUG: Fix_exits: 96:2 -> 91:0 -> 92.
Tue Feb 25 00:14:01 2014 :: [*****] BUG: Fix_exits: 96:3 -> 92:1 -> 91.
Tue Feb 25 00:14:01 2014 :: [*****] BUG: Fix_exits: 97:0 -> 91:2 -> 92.
Tue Feb 25 00:14:01 2014 :: [*****] BUG: Fix_exits: 97:1 -> 92:3 -> 91.
Tue Feb 25 00:14:01 2014 :: [*****] BUG: Fix_exits: 97:2 -> 91:0 -> 92.
Tue Feb 25 00:14:01 2014 :: [*****] BUG: Fix_exits: 31004:0 -> 9947:2 -> 9904.
Tue Feb 25 00:14:01 2014 :: [*****] BUG: Fix_exits: 31013:1 -> 31012:3 -> 31010.
Tue Feb 25 00:14:01 2014 :: [*****] BUG: Fix_exits: 31013:3 -> 31011:1 -> 31010.
Tue Feb 25 00:14:01 2014 :: [*****] BUG: Fix_exits: 489:1 -> 490:3 -> 491.
Tue Feb 25 00:14:01 2014 :: [*****] BUG: Fix_exits: 490:3 -> 491:1 -> 492.
Tue Feb 25 00:14:01 2014 :: [*****] BUG: Fix_exits: 491:1 -> 492:3 -> 493.
Tue Feb 25 00:14:01 2014 :: [*****] BUG: Fix_exits: 491:3 -> 456:1 -> 489.
Tue Feb 25 00:14:01 2014 :: [*****] BUG: Fix_exits: 492:3 -> 493:1 -> 494.
Tue Feb 25 00:14:01 2014 :: [*****] BUG: Fix_exits: 492:5 -> 495:4 -> 490.
Tue Feb 25 00:14:01 2014 :: [*****] BUG: Fix_exits: 493:1 -> 494:3 -> 489.
Tue Feb 25 00:14:01 2014 :: [*****] BUG: Fix_exits: 493:3 -> 456:1 -> 489.
Tue Feb 25 00:14:01 2014 :: [*****] BUG: Fix_exits: 494:3 -> 489:1 -> 490.
Tue Feb 25 00:14:01 2014 :: [*****] BUG: Fix_exits: 29169:1 -> 29183:3 -> 29184.
Tue Feb 25 00:14:01 2014 :: [*****] BUG: Fix_exits: 27511:5 -> 40464:4 -> 57503.
Tue Feb 25 00:14:01 2014 :: [*****] BUG: Fix_exits: 37776:2 -> 14516:0 -> 14515.
Tue Feb 25 00:14:01 2014 :: [*****] BUG: Fix_exits: 37997:1 -> 55982:3 -> 55981.
Tue Feb 25 00:14:01 2014 :: [*****] BUG: Fix_exits: 5450:3 -> 5450:1 -> 5462.
Tue Feb 25 00:14:01 2014 :: [*****] BUG: Fix_exits: 5454:3 -> 5454:1 -> 5457.
Tue Feb 25 00:14:01 2014 :: [*****] BUG: Fix_exits: 5460:1 -> 5460:3 -> 5459.
Tue Feb 25 00:14:01 2014 :: [*****] BUG: Fix_exits: 5460:2 -> 5460:0 -> 5461.
Tue Feb 25 00:14:01 2014 :: [*****] BUG: Fix_exits: 28241:1 -> 28242:3 -> 28242.
Tue Feb 25 00:14:01 2014 :: [*****] BUG: Fix_exits: 28241:3 -> 28242:1 -> 28242.
Tue Feb 25 00:14:01 2014 :: [*****] BUG: Fix_exits: 28253:0 -> 28182:2 -> 28181.
Tue Feb 25 00:14:01 2014 :: [*****] BUG: Fix_exits: 30432:5 -> 30439:4 -> 30336.
Tue Feb 25 00:14:01 2014 :: [*****] BUG: Fix_exits: 18156:3 -> 18152:1 -> 18154.
Tue Feb 25 00:14:01 2014 :: [*****] BUG: Fix_exits: 18164:2 -> 18153:0 -> 18151.
Tue Feb 25 00:14:01 2014 :: [*****] BUG: Fix_exits: 18166:3 -> 18165:1 -> 18153.
Tue Feb 25 00:14:01 2014 :: [*****] BUG: Fix_exits: 3831:5 -> 3837:4 -> 3839.
Tue Feb 25 00:14:01 2014 :: [*****] BUG: Fix_exits: 3839:4 -> 3831:5 -> 3837.
Tue Feb 25 00:14:01 2014 :: [*****] BUG: Fix_exits: 5894:1 -> 5895:3 -> 5827.
Tue Feb 25 00:14:01 2014 :: [*****] BUG: Fix_exits: 5895:1 -> 5850:3 -> 5870.
Tue Feb 25 00:14:01 2014 :: [*****] BUG: Fix_exits: 5895:2 -> 5833:0 -> 5825.
Tue Feb 25 00:14:01 2014 :: [*****] BUG: Fix_exits: 5895:3 -> 5827:1 -> 5826.
Tue Feb 25 00:14:01 2014 :: [*****] BUG: Fix_exits: 4083:0 -> 4084:2 -> 4085.
Tue Feb 25 00:14:01 2014 :: [*****] BUG: Fix_exits: 4084:2 -> 4085:0 -> 4086.
Tue Feb 25 00:14:01 2014 :: [*****] BUG: Fix_exits: 4085:0 -> 4086:2 -> 4087.
Tue Feb 25 00:14:01 2014 :: [*****] BUG: Fix_exits: 4085:2 -> 4082:0 -> 4083.
Tue Feb 25 00:14:01 2014 :: [*****] BUG: Fix_exits: 4086:2 -> 4087:0 -> 4088.
Tue Feb 25 00:14:01 2014 :: [*****] BUG: Fix_exits: 4087:2 -> 4082:0 -> 4083.
Tue Feb 25 00:14:01 2014 :: [*****] BUG: Fix_mobprogs: code vnum 40200 not found.
Tue Feb 25 00:14:01 2014 :: [*****] BUG: Fix_mobprogs: code vnum 40201 not found.
Tue Feb 25 00:14:01 2014 :: [*****] BUG: Equip_char: already equipped (5).
Tue Feb 25 00:14:01 2014 :: Err: obj {DA {Rleader {Bsword{x (3798) -- 1, mob a training dummy (3768) -- 90
Tue Feb 25 00:14:01 2014 :: [*****] BUG: Equip_char: already equipped (19).
Tue Feb 25 00:14:01 2014 :: [*****] BUG: Equip_char: already equipped (19).
Tue Feb 25 00:14:01 2014 :: [*****] BUG: Equip_char: already equipped (20).
Tue Feb 25 00:14:01 2014 :: [*****] BUG: Equip_char: already equipped (5).
Tue Feb 25 00:14:01 2014 :: Err: obj a {Ys{yi{Wgn{ye{Yt r{yin{Yg{x (39574) -- 50, mob a hawker (39520) -- 40
Tue Feb 25 00:14:01 2014 :: Err: obj a {Ys{yi{Wgn{ye{Yt r{yin{Yg{x (39574) -- 50, mob a hawker (39520) -- 40
Tue Feb 25 00:14:01 2014 :: Err: obj a {Wc{wo{Wtt{wo{Wn a{yp{wr{yo{Wn{x (39567) -- 40, mob mistress of the house (39514) -- 30
Tue Feb 25 00:14:01 2014 :: Err: obj a {Wc{wo{Wtt{wo{Wn a{yp{wr{yo{Wn{x (39567) -- 40, mob mistress of the house (39514) -- 30
Tue Feb 25 00:14:01 2014 :: [*****] BUG: Equip_char: already equipped (7).
Tue Feb 25 00:14:01 2014 :: Loading board ../notes/Announce
Tue Feb 25 00:14:01 2014 :: Loading board ../notes/General
Tue Feb 25 00:14:01 2014 :: Loading board ../notes/Ideas
Tue Feb 25 00:14:01 2014 :: Loading board ../notes/Personal
Tue Feb 25 00:14:01 2014 :: Loading board ../notes/Guild
Tue Feb 25 00:14:01 2014 :: Loading board ../notes/Stories
Tue Feb 25 00:14:01 2014 :: Loading board ../notes/Bugs
Tue Feb 25 00:14:01 2014 :: Loading board ../notes/Permanent
Tue Feb 25 00:14:01 2014 :: Loading board ../notes/Admin
Tue Feb 25 00:14:01 2014 :: Loading board ../notes/PK
Tue Feb 25 00:14:01 2014 :: Loading board ../notes/Immortal
Tue Feb 25 00:14:01 2014 :: Loading board ../notes/Newplayers
Tue Feb 25 00:14:01 2014 :: Loaded 12 boards sucessfully.
Tue Feb 25 00:14:01 2014 :: Looking for Keepers
Tue Feb 25 00:14:01 2014 :: Error loading Keepers: No Keepers found
Tue Feb 25 00:14:01 2014 :: Looking for Vehicles
Tue Feb 25 00:14:01 2014 :: Error loading Vehicles: No Vehicles found
Tue Feb 25 00:14:01 2014 :: Shadows is ready to rock on port 4000.
Tue Feb 25 00:14:07 2014 :: Sock.sinaddr:  10.0.0.4
Tue Feb 25 00:14:12 2014 :: Loading Aldea.
Tue Feb 25 00:14:12 2014 :: [*****] BUG: Fread_char: no match.
Tue Feb 25 00:14:12 2014 :: [*****] BUG: Lastsite
Tue Feb 25 00:14:12 2014 :: [*****] BUG: Fread_char: no match.
Tue Feb 25 00:14:12 2014 :: [*****] BUG: ~
Tue Feb 25 00:14:12 2014 :: [*****] BUG: Fread_char: no match.
Tue Feb 25 00:14:12 2014 :: [*****] BUG: ~
Tue Feb 25 00:14:13 2014 :: Aldea@10.0.0.4 has connected.
Tue Feb 25 00:14:14 2014 :: Vote_click_check for <Aldea> checked <0> entries - used time=0sec
Tue Feb 25 00:48:05 2014 :: [*****] BUG: Equip_char: already equipped (19).
Tue Feb 25 06:32:19 2014 :: Log Aldea: stat couch
Tue Feb 25 06:42:48 2014 :: Room vnum 9901 have empty room name!
Tue Feb 25 06:42:48 2014 :: Room vnum 9902 have empty room name!
Tue Feb 25 06:42:48 2014 :: Room vnum 9903 have empty room name!
Tue Feb 25 06:42:48 2014 :: Room vnum 9904 have empty room name!
Tue Feb 25 06:42:48 2014 :: Room vnum 9906 have empty room name!
Tue Feb 25 06:42:48 2014 :: Room vnum 9908 have empty room name!
Tue Feb 25 06:42:48 2014 :: Room vnum 9911 have empty room name!
Tue Feb 25 06:42:48 2014 :: Room vnum 9983 have empty room name!
Tue Feb 25 06:42:48 2014 :: Room vnum 9984 have empty room name!
Tue Feb 25 06:42:48 2014 :: Room vnum 9986 have empty room name!
Tue Feb 25 06:42:48 2014 :: Room vnum 9987 have empty room name!
Tue Feb 25 06:42:48 2014 :: Room vnum 9988 have empty room name!
Tue Feb 25 06:42:48 2014 :: Room vnum 9989 have empty room name!
Tue Feb 25 06:42:48 2014 :: Room vnum 9997 have empty room name!
Tue Feb 25 06:42:57 2014 :: Log Aldea: copyin now
Tue Feb 25 06:42:57 2014 :: Creating table of skills of length 261, tama~no 16704
Tue Feb 25 06:42:57 2014 :: Creating race_table of length 51, tama~no 5916
Tue Feb 25 06:42:57 2014 :: Table of races loaded.
Tue Feb 25 06:42:57 2014 :: Creating cmd_table of length 634, tama~no 10144
Tue Feb 25 06:42:57 2014 :: Table of commands loaded.
Tue Feb 25 06:42:57 2014 :: creating social_table of length 296, tama~no 10656
Tue Feb 25 06:42:57 2014 :: Table of socials loaded.
Tue Feb 25 06:42:57 2014 :: Loading guild data file ../data/guild.dat
Tue Feb 25 06:42:57 2014 :: Loaded 8 guilds successfully.
Tue Feb 25 06:42:57 2014 :: Loading SGuild data file ../data/sguild.dat
Tue Feb 25 06:42:57 2014 :: Loaded 4 SGuilds successfully.
Tue Feb 25 06:42:57 2014 :: Loading SSGuild data file ../data/ssguild.dat
Tue Feb 25 06:42:57 2014 :: Loaded 2 SSGuilds successfully.
Tue Feb 25 06:42:57 2014 :: [*****] BUG: Read: (null)
Tue Feb 25 06:42:57 2014 :: [*****] BUG: Read: 0
Tue Feb 25 06:42:57 2014 :: [*****] BUG: Read: 0
Tue Feb 25 06:42:57 2014 :: [*****] BUG: Fix_exits: 4122:0 -> 4124:2 -> 4127.
Tue Feb 25 06:42:57 2014 :: [*****] BUG: Fix_exits: 4122:1 -> 4125:3 -> 4125.
Tue Feb 25 06:42:57 2014 :: [*****] BUG: Fix_exits: 4124:1 -> 4129:3 -> 4127.
Tue Feb 25 06:42:57 2014 :: [*****] BUG: Fix_exits: 4124:2 -> 4127:0 -> 4125.
Tue Feb 25 06:42:57 2014 :: [*****] BUG: Fix_exits: 4124:3 -> 4128:1 -> 4121.
Tue Feb 25 06:42:57 2014 :: [*****] BUG: Fix_exits: 4125:3 -> 4125:1 -> 4121.
Tue Feb 25 06:42:57 2014 :: [*****] BUG: Fix_exits: 4126:0 -> 4127:2 -> 4127.
Tue Feb 25 06:42:57 2014 :: [*****] BUG: Fix_exits: 4126:1 -> 4124:3 -> 4128.
Tue Feb 25 06:42:57 2014 :: [*****] BUG: Fix_exits: 4126:3 -> 4129:1 -> 4122.
Tue Feb 25 06:42:57 2014 :: [*****] BUG: Fix_exits: 4127:1 -> 4122:3 -> 4130.
Tue Feb 25 06:42:57 2014 :: [*****] BUG: Fix_exits: 4127:2 -> 4127:0 -> 4125.
Tue Feb 25 06:42:57 2014 :: [*****] BUG: Fix_exits: 4127:3 -> 4121:1 -> 4123.
Tue Feb 25 06:42:57 2014 :: [*****] BUG: Fix_exits: 4128:0 -> 4128:2 -> 4123.
Tue Feb 25 06:42:57 2014 :: [*****] BUG: Fix_exits: 4128:1 -> 4121:3 -> 4125.
Tue Feb 25 06:42:57 2014 :: [*****] BUG: Fix_exits: 4129:1 -> 4122:3 -> 4130.
Tue Feb 25 06:42:57 2014 :: [*****] BUG: Fix_exits: 4129:2 -> 4127:0 -> 4125.
Tue Feb 25 06:42:57 2014 :: [*****] BUG: Fix_exits: 4129:3 -> 4127:1 -> 4122.
Tue Feb 25 06:42:57 2014 :: [*****] BUG: Fix_exits: 4130:0 -> 4130:2 -> 4131.
Tue Feb 25 06:42:57 2014 :: [*****] BUG: Fix_exits: 4130:3 -> 4130:1 -> 4122.
Tue Feb 25 06:42:57 2014 :: [*****] BUG: Fix_exits: 57:0 -> 91:2 -> 92.
Tue Feb 25 06:42:57 2014 :: [*****] BUG: Fix_exits: 57:1 -> 92:3 -> 91.
Tue Feb 25 06:42:57 2014 :: [*****] BUG: Fix_exits: 57:3 -> 92:1 -> 91.
Tue Feb 25 06:42:57 2014 :: [*****] BUG: Fix_exits: 58:1 -> 92:3 -> 91.
Tue Feb 25 06:42:57 2014 :: [*****] BUG: Fix_exits: 59:3 -> 92:1 -> 91.
Tue Feb 25 06:42:57 2014 :: [*****] BUG: Fix_exits: 64:0 -> 92:2 -> 91.
Tue Feb 25 06:42:57 2014 :: [*****] BUG: Fix_exits: 65:1 -> 91:3 -> 92.
Tue Feb 25 06:42:57 2014 :: [*****] BUG: Fix_exits: 65:3 -> 92:1 -> 91.
Tue Feb 25 06:42:57 2014 :: [*****] BUG: Fix_exits: 66:3 -> 91:1 -> 92.
Tue Feb 25 06:42:57 2014 :: [*****] BUG: Fix_exits: 84:2 -> 84:0 -> 85.
Tue Feb 25 06:42:57 2014 :: [*****] BUG: Fix_exits: 84:3 -> 84:1 -> 83.
Tue Feb 25 06:42:57 2014 :: [*****] BUG: Fix_exits: 90:0 -> 91:2 -> 92.
Tue Feb 25 06:42:57 2014 :: [*****] BUG: Fix_exits: 90:1 -> 92:3 -> 91.
Tue Feb 25 06:42:57 2014 :: [*****] BUG: Fix_exits: 90:3 -> 91:1 -> 92.
Tue Feb 25 06:42:57 2014 :: [*****] BUG: Fix_exits: 93:1 -> 91:3 -> 92.
Tue Feb 25 06:42:57 2014 :: [*****] BUG: Fix_exits: 93:2 -> 92:0 -> 91.
Tue Feb 25 06:42:57 2014 :: [*****] BUG: Fix_exits: 93:3 -> 91:1 -> 92.
Tue Feb 25 06:42:57 2014 :: [*****] BUG: Fix_exits: 94:0 -> 91:2 -> 92.
Tue Feb 25 06:42:57 2014 :: [*****] BUG: Fix_exits: 94:1 -> 92:3 -> 91.
Tue Feb 25 06:42:57 2014 :: [*****] BUG: Fix_exits: 94:2 -> 91:0 -> 92.
Tue Feb 25 06:42:57 2014 :: [*****] BUG: Fix_exits: 95:0 -> 92:2 -> 91.
Tue Feb 25 06:42:57 2014 :: [*****] BUG: Fix_exits: 95:1 -> 91:3 -> 92.
Tue Feb 25 06:42:57 2014 :: [*****] BUG: Fix_exits: 95:2 -> 92:0 -> 91.
Tue Feb 25 06:42:57 2014 :: [*****] BUG: Fix_exits: 96:1 -> 91:3 -> 92.
Tue Feb 25 06:42:57 2014 :: [*****] BUG: Fix_exits: 96:2 -> 91:0 -> 92.
Tue Feb 25 06:42:57 2014 :: [*****] BUG: Fix_exits: 96:3 -> 92:1 -> 91.
Tue Feb 25 06:42:57 2014 :: [*****] BUG: Fix_exits: 97:0 -> 91:2 -> 92.
Tue Feb 25 06:42:57 2014 :: [*****] BUG: Fix_exits: 97:1 -> 92:3 -> 91.
Tue Feb 25 06:42:57 2014 :: [*****] BUG: Fix_exits: 97:2 -> 91:0 -> 92.
Tue Feb 25 06:42:57 2014 :: [*****] BUG: Fix_exits: 31013:1 -> 31012:3 -> 31010.
Tue Feb 25 06:42:57 2014 :: [*****] BUG: Fix_exits: 31013:3 -> 31011:1 -> 31010.
Tue Feb 25 06:42:57 2014 :: [*****] BUG: Fix_exits: 489:1 -> 490:3 -> 491.
Tue Feb 25 06:42:57 2014 :: [*****] BUG: Fix_exits: 490:3 -> 491:1 -> 492.
Tue Feb 25 06:42:57 2014 :: [*****] BUG: Fix_exits: 491:1 -> 492:3 -> 493.
Tue Feb 25 06:42:57 2014 :: [*****] BUG: Fix_exits: 491:3 -> 456:1 -> 489.
Tue Feb 25 06:42:57 2014 :: [*****] BUG: Fix_exits: 492:3 -> 493:1 -> 494.
Tue Feb 25 06:42:57 2014 :: [*****] BUG: Fix_exits: 492:5 -> 495:4 -> 490.
Tue Feb 25 06:42:57 2014 :: [*****] BUG: Fix_exits: 493:1 -> 494:3 -> 489.
Tue Feb 25 06:42:57 2014 :: [*****] BUG: Fix_exits: 493:3 -> 456:1 -> 489.
Tue Feb 25 06:42:57 2014 :: [*****] BUG: Fix_exits: 494:3 -> 489:1 -> 490.
Tue Feb 25 06:42:57 2014 :: [*****] BUG: Fix_exits: 29169:1 -> 29183:3 -> 29184.
Tue Feb 25 06:42:57 2014 :: [*****] BUG: Fix_exits: 27511:5 -> 40464:4 -> 57503.
Tue Feb 25 06:42:57 2014 :: [*****] BUG: Fix_exits: 37776:2 -> 14516:0 -> 14515.
Tue Feb 25 06:42:57 2014 :: [*****] BUG: Fix_exits: 37997:1 -> 55982:3 -> 55981.
Tue Feb 25 06:42:57 2014 :: [*****] BUG: Fix_exits: 5450:3 -> 5450:1 -> 5462.
Tue Feb 25 06:42:57 2014 :: [*****] BUG: Fix_exits: 5454:3 -> 5454:1 -> 5457.
Tue Feb 25 06:42:57 2014 :: [*****] BUG: Fix_exits: 5460:1 -> 5460:3 -> 5459.
Tue Feb 25 06:42:57 2014 :: [*****] BUG: Fix_exits: 5460:2 -> 5460:0 -> 5461.
Tue Feb 25 06:42:57 2014 :: [*****] BUG: Fix_exits: 28241:1 -> 28242:3 -> 28242.
Tue Feb 25 06:42:57 2014 :: [*****] BUG: Fix_exits: 28241:3 -> 28242:1 -> 28242.
Tue Feb 25 06:42:57 2014 :: [*****] BUG: Fix_exits: 28253:0 -> 28182:2 -> 28181.
Tue Feb 25 06:42:57 2014 :: [*****] BUG: Fix_exits: 30432:5 -> 30439:4 -> 30336.
Tue Feb 25 06:42:57 2014 :: [*****] BUG: Fix_exits: 18156:3 -> 18152:1 -> 18154.
Tue Feb 25 06:42:57 2014 :: [*****] BUG: Fix_exits: 18164:2 -> 18153:0 -> 18151.
Tue Feb 25 06:42:57 2014 :: [*****] BUG: Fix_exits: 18166:3 -> 18165:1 -> 18153.
Tue Feb 25 06:42:57 2014 :: [*****] BUG: Fix_exits: 3831:5 -> 3837:4 -> 3839.
Tue Feb 25 06:42:57 2014 :: [*****] BUG: Fix_exits: 3839:4 -> 3831:5 -> 3837.
Tue Feb 25 06:42:57 2014 :: [*****] BUG: Fix_exits: 5894:1 -> 5895:3 -> 5827.
Tue Feb 25 06:42:57 2014 :: [*****] BUG: Fix_exits: 5895:1 -> 5850:3 -> 5870.
Tue Feb 25 06:42:57 2014 :: [*****] BUG: Fix_exits: 5895:2 -> 5833:0 -> 5825.
Tue Feb 25 06:42:57 2014 :: [*****] BUG: Fix_exits: 5895:3 -> 5827:1 -> 5826.
Tue Feb 25 06:42:57 2014 :: [*****] BUG: Fix_exits: 4083:0 -> 4084:2 -> 4085.
Tue Feb 25 06:42:57 2014 :: [*****] BUG: Fix_exits: 4084:2 -> 4085:0 -> 4086.
Tue Feb 25 06:42:57 2014 :: [*****] BUG: Fix_exits: 4085:0 -> 4086:2 -> 4087.
Tue Feb 25 06:42:57 2014 :: [*****] BUG: Fix_exits: 4085:2 -> 4082:0 -> 4083.
Tue Feb 25 06:42:57 2014 :: [*****] BUG: Fix_exits: 4086:2 -> 4087:0 -> 4088.
Tue Feb 25 06:42:57 2014 :: [*****] BUG: Fix_exits: 4087:2 -> 4082:0 -> 4083.
Tue Feb 25 06:42:57 2014 :: [*****] BUG: Fix_mobprogs: code vnum 40200 not found.
Tue Feb 25 06:42:57 2014 :: [*****] BUG: Fix_mobprogs: code vnum 40201 not found.
Tue Feb 25 06:42:57 2014 :: [*****] BUG: Equip_char: already equipped (5).
Tue Feb 25 06:42:57 2014 :: Err: obj {DA {Rleader {Bsword{x (3798) -- 1, mob a training dummy (3768) -- 90
Tue Feb 25 06:42:57 2014 :: [*****] BUG: Equip_char: already equipped (19).
Tue Feb 25 06:42:57 2014 :: [*****] BUG: Equip_char: already equipped (19).
Tue Feb 25 06:42:57 2014 :: [*****] BUG: Equip_char: already equipped (20).
Tue Feb 25 06:42:57 2014 :: [*****] BUG: Equip_char: already equipped (5).
Tue Feb 25 06:42:57 2014 :: Err: obj a {Ys{yi{Wgn{ye{Yt r{yin{Yg{x (39574) -- 50, mob a hawker (39520) -- 40
Tue Feb 25 06:42:57 2014 :: Err: obj a {Ys{yi{Wgn{ye{Yt r{yin{Yg{x (39574) -- 50, mob a hawker (39520) -- 40
Tue Feb 25 06:42:57 2014 :: Err: obj a {Wc{wo{Wtt{wo{Wn a{yp{wr{yo{Wn{x (39567) -- 40, mob mistress of the house (39514) -- 30
Tue Feb 25 06:42:57 2014 :: Err: obj a {Wc{wo{Wtt{wo{Wn a{yp{wr{yo{Wn{x (39567) -- 40, mob mistress of the house (39514) -- 30
Tue Feb 25 06:42:57 2014 :: Loading board ../notes/Announce
Tue Feb 25 06:42:57 2014 :: Loading board ../notes/General
Tue Feb 25 06:42:57 2014 :: Loading board ../notes/Ideas
Tue Feb 25 06:42:57 2014 :: Loading board ../notes/Personal
Tue Feb 25 06:42:57 2014 :: Loading board ../notes/Guild
Tue Feb 25 06:42:57 2014 :: Loading board ../notes/Stories
Tue Feb 25 06:42:57 2014 :: Loading board ../notes/Bugs
Tue Feb 25 06:42:57 2014 :: Loading board ../notes/Permanent
Tue Feb 25 06:42:57 2014 :: Loading board ../notes/Admin
Tue Feb 25 06:42:57 2014 :: Loading board ../notes/PK
Tue Feb 25 06:42:57 2014 :: Loading board ../notes/Immortal
Tue Feb 25 06:42:57 2014 :: Loading board ../notes/Newplayers
Tue Feb 25 06:42:57 2014 :: Loaded 12 boards sucessfully.
Tue Feb 25 06:42:57 2014 :: Looking for Keepers
Tue Feb 25 06:42:57 2014 :: Error loading Keepers: No Keepers found
Tue Feb 25 06:42:57 2014 :: Looking for Vehicles
Tue Feb 25 06:42:57 2014 :: Error loading Vehicles: No Vehicles found
Tue Feb 25 06:42:57 2014 :: Shadows is ready to rock on port 4000.
Tue Feb 25 06:42:57 2014 :: Copyover recovery initiated
Tue Feb 25 06:42:57 2014 :: Loading Aldea.
Tue Feb 25 06:42:57 2014 :: [*****] BUG: Fread_char: no match.
Tue Feb 25 06:42:57 2014 :: [*****] BUG: Lastsite
Tue Feb 25 06:42:57 2014 :: [*****] BUG: Fread_char: no match.
Tue Feb 25 06:42:57 2014 :: [*****] BUG: ~
Tue Feb 25 06:42:57 2014 :: [*****] BUG: Fread_char: no match.
Tue Feb 25 06:42:57 2014 :: [*****] BUG: ~
Tue Feb 25 07:15:00 2014 :: [*****] BUG: Equip_char: already equipped (19).
Tue Feb 25 09:43:24 2014 :: Log Aldea: copyin now
Tue Feb 25 09:43:24 2014 :: Creating table of skills of length 261, tama~no 16704
Tue Feb 25 09:43:24 2014 :: Creating race_table of length 51, tama~no 5916
Tue Feb 25 09:43:24 2014 :: Table of races loaded.
Tue Feb 25 09:43:24 2014 :: Creating cmd_table of length 634, tama~no 10144
Tue Feb 25 09:43:24 2014 :: Table of commands loaded.
Tue Feb 25 09:43:24 2014 :: creating social_table of length 296, tama~no 10656
Tue Feb 25 09:43:24 2014 :: Table of socials loaded.
Tue Feb 25 09:43:24 2014 :: Loading guild data file ../data/guild.dat
Tue Feb 25 09:43:24 2014 :: Loaded 8 guilds successfully.
Tue Feb 25 09:43:24 2014 :: Loading SGuild data file ../data/sguild.dat
Tue Feb 25 09:43:24 2014 :: Loaded 4 SGuilds successfully.
Tue Feb 25 09:43:24 2014 :: Loading SSGuild data file ../data/ssguild.dat
Tue Feb 25 09:43:24 2014 :: Loaded 2 SSGuilds successfully.
Tue Feb 25 09:43:24 2014 :: [*****] BUG: Read: (null)
Tue Feb 25 09:43:24 2014 :: [*****] BUG: Read: 0
Tue Feb 25 09:43:24 2014 :: [*****] BUG: Read: 0
Tue Feb 25 09:43:24 2014 :: [*****] BUG: Fix_exits: 4122:0 -> 4124:2 -> 4127.
Tue Feb 25 09:43:24 2014 :: [*****] BUG: Fix_exits: 4122:1 -> 4125:3 -> 4125.
Tue Feb 25 09:43:24 2014 :: [*****] BUG: Fix_exits: 4124:1 -> 4129:3 -> 4127.
Tue Feb 25 09:43:24 2014 :: [*****] BUG: Fix_exits: 4124:2 -> 4127:0 -> 4125.
Tue Feb 25 09:43:24 2014 :: [*****] BUG: Fix_exits: 4124:3 -> 4128:1 -> 4121.
Tue Feb 25 09:43:24 2014 :: [*****] BUG: Fix_exits: 4125:3 -> 4125:1 -> 4121.
Tue Feb 25 09:43:24 2014 :: [*****] BUG: Fix_exits: 4126:0 -> 4127:2 -> 4127.
Tue Feb 25 09:43:24 2014 :: [*****] BUG: Fix_exits: 4126:1 -> 4124:3 -> 4128.
Tue Feb 25 09:43:24 2014 :: [*****] BUG: Fix_exits: 4126:3 -> 4129:1 -> 4122.
Tue Feb 25 09:43:24 2014 :: [*****] BUG: Fix_exits: 4127:1 -> 4122:3 -> 4130.
Tue Feb 25 09:43:24 2014 :: [*****] BUG: Fix_exits: 4127:2 -> 4127:0 -> 4125.
Tue Feb 25 09:43:24 2014 :: [*****] BUG: Fix_exits: 4127:3 -> 4121:1 -> 4123.
Tue Feb 25 09:43:24 2014 :: [*****] BUG: Fix_exits: 4128:0 -> 4128:2 -> 4123.
Tue Feb 25 09:43:24 2014 :: [*****] BUG: Fix_exits: 4128:1 -> 4121:3 -> 4125.
Tue Feb 25 09:43:24 2014 :: [*****] BUG: Fix_exits: 4129:1 -> 4122:3 -> 4130.
Tue Feb 25 09:43:24 2014 :: [*****] BUG: Fix_exits: 4129:2 -> 4127:0 -> 4125.
Tue Feb 25 09:43:24 2014 :: [*****] BUG: Fix_exits: 4129:3 -> 4127:1 -> 4122.
Tue Feb 25 09:43:24 2014 :: [*****] BUG: Fix_exits: 4130:0 -> 4130:2 -> 4131.
Tue Feb 25 09:43:24 2014 :: [*****] BUG: Fix_exits: 4130:3 -> 4130:1 -> 4122.
Tue Feb 25 09:43:24 2014 :: [*****] BUG: Fix_exits: 57:0 -> 91:2 -> 92.
Tue Feb 25 09:43:24 2014 :: [*****] BUG: Fix_exits: 57:1 -> 92:3 -> 91.
Tue Feb 25 09:43:24 2014 :: [*****] BUG: Fix_exits: 57:3 -> 92:1 -> 91.
Tue Feb 25 09:43:24 2014 :: [*****] BUG: Fix_exits: 58:1 -> 92:3 -> 91.
Tue Feb 25 09:43:24 2014 :: [*****] BUG: Fix_exits: 59:3 -> 92:1 -> 91.
Tue Feb 25 09:43:24 2014 :: [*****] BUG: Fix_exits: 64:0 -> 92:2 -> 91.
Tue Feb 25 09:43:24 2014 :: [*****] BUG: Fix_exits: 65:1 -> 91:3 -> 92.
Tue Feb 25 09:43:24 2014 :: [*****] BUG: Fix_exits: 65:3 -> 92:1 -> 91.
Tue Feb 25 09:43:24 2014 :: [*****] BUG: Fix_exits: 66:3 -> 91:1 -> 92.
Tue Feb 25 09:43:24 2014 :: [*****] BUG: Fix_exits: 84:2 -> 84:0 -> 85.
Tue Feb 25 09:43:24 2014 :: [*****] BUG: Fix_exits: 84:3 -> 84:1 -> 83.
Tue Feb 25 09:43:24 2014 :: [*****] BUG: Fix_exits: 90:0 -> 91:2 -> 92.
Tue Feb 25 09:43:24 2014 :: [*****] BUG: Fix_exits: 90:1 -> 92:3 -> 91.
Tue Feb 25 09:43:24 2014 :: [*****] BUG: Fix_exits: 90:3 -> 91:1 -> 92.
Tue Feb 25 09:43:24 2014 :: [*****] BUG: Fix_exits: 93:1 -> 91:3 -> 92.
Tue Feb 25 09:43:24 2014 :: [*****] BUG: Fix_exits: 93:2 -> 92:0 -> 91.
Tue Feb 25 09:43:24 2014 :: [*****] BUG: Fix_exits: 93:3 -> 91:1 -> 92.
Tue Feb 25 09:43:24 2014 :: [*****] BUG: Fix_exits: 94:0 -> 91:2 -> 92.
Tue Feb 25 09:43:24 2014 :: [*****] BUG: Fix_exits: 94:1 -> 92:3 -> 91.
Tue Feb 25 09:43:24 2014 :: [*****] BUG: Fix_exits: 94:2 -> 91:0 -> 92.
Tue Feb 25 09:43:24 2014 :: [*****] BUG: Fix_exits: 95:0 -> 92:2 -> 91.
Tue Feb 25 09:43:24 2014 :: [*****] BUG: Fix_exits: 95:1 -> 91:3 -> 92.
Tue Feb 25 09:43:24 2014 :: [*****] BUG: Fix_exits: 95:2 -> 92:0 -> 91.
Tue Feb 25 09:43:24 2014 :: [*****] BUG: Fix_exits: 96:1 -> 91:3 -> 92.
Tue Feb 25 09:43:24 2014 :: [*****] BUG: Fix_exits: 96:2 -> 91:0 -> 92.
Tue Feb 25 09:43:24 2014 :: [*****] BUG: Fix_exits: 96:3 -> 92:1 -> 91.
Tue Feb 25 09:43:24 2014 :: [*****] BUG: Fix_exits: 97:0 -> 91:2 -> 92.
Tue Feb 25 09:43:24 2014 :: [*****] BUG: Fix_exits: 97:1 -> 92:3 -> 91.
Tue Feb 25 09:43:24 2014 :: [*****] BUG: Fix_exits: 97:2 -> 91:0 -> 92.
Tue Feb 25 09:43:24 2014 :: [*****] BUG: Fix_exits: 31013:1 -> 31012:3 -> 31010.
Tue Feb 25 09:43:24 2014 :: [*****] BUG: Fix_exits: 31013:3 -> 31011:1 -> 31010.
Tue Feb 25 09:43:24 2014 :: [*****] BUG: Fix_exits: 489:1 -> 490:3 -> 491.
Tue Feb 25 09:43:24 2014 :: [*****] BUG: Fix_exits: 490:3 -> 491:1 -> 492.
Tue Feb 25 09:43:24 2014 :: [*****] BUG: Fix_exits: 491:1 -> 492:3 -> 493.
Tue Feb 25 09:43:24 2014 :: [*****] BUG: Fix_exits: 491:3 -> 456:1 -> 489.
Tue Feb 25 09:43:24 2014 :: [*****] BUG: Fix_exits: 492:3 -> 493:1 -> 494.
Tue Feb 25 09:43:24 2014 :: [*****] BUG: Fix_exits: 492:5 -> 495:4 -> 490.
Tue Feb 25 09:43:24 2014 :: [*****] BUG: Fix_exits: 493:1 -> 494:3 -> 489.
Tue Feb 25 09:43:24 2014 :: [*****] BUG: Fix_exits: 493:3 -> 456:1 -> 489.
Tue Feb 25 09:43:24 2014 :: [*****] BUG: Fix_exits: 494:3 -> 489:1 -> 490.
Tue Feb 25 09:43:24 2014 :: [*****] BUG: Fix_exits: 29169:1 -> 29183:3 -> 29184.
Tue Feb 25 09:43:24 2014 :: [*****] BUG: Fix_exits: 27511:5 -> 40464:4 -> 57503.
Tue Feb 25 09:43:24 2014 :: [*****] BUG: Fix_exits: 37776:2 -> 14516:0 -> 14515.
Tue Feb 25 09:43:24 2014 :: [*****] BUG: Fix_exits: 37997:1 -> 55982:3 -> 55981.
Tue Feb 25 09:43:24 2014 :: [*****] BUG: Fix_exits: 5450:3 -> 5450:1 -> 5462.
Tue Feb 25 09:43:24 2014 :: [*****] BUG: Fix_exits: 5454:3 -> 5454:1 -> 5457.
Tue Feb 25 09:43:24 2014 :: [*****] BUG: Fix_exits: 5460:1 -> 5460:3 -> 5459.
Tue Feb 25 09:43:24 2014 :: [*****] BUG: Fix_exits: 5460:2 -> 5460:0 -> 5461.
Tue Feb 25 09:43:24 2014 :: [*****] BUG: Fix_exits: 28241:1 -> 28242:3 -> 28242.
Tue Feb 25 09:43:24 2014 :: [*****] BUG: Fix_exits: 28241:3 -> 28242:1 -> 28242.
Tue Feb 25 09:43:24 2014 :: [*****] BUG: Fix_exits: 28253:0 -> 28182:2 -> 28181.
Tue Feb 25 09:43:24 2014 :: [*****] BUG: Fix_exits: 30432:5 -> 30439:4 -> 30336.
Tue Feb 25 09:43:24 2014 :: [*****] BUG: Fix_exits: 18156:3 -> 18152:1 -> 18154.
Tue Feb 25 09:43:24 2014 :: [*****] BUG: Fix_exits: 18164:2 -> 18153:0 -> 18151.
Tue Feb 25 09:43:24 2014 :: [*****] BUG: Fix_exits: 18166:3 -> 18165:1 -> 18153.
Tue Feb 25 09:43:24 2014 :: [*****] BUG: Fix_exits: 3831:5 -> 3837:4 -> 3839.
Tue Feb 25 09:43:24 2014 :: [*****] BUG: Fix_exits: 3839:4 -> 3831:5 -> 3837.
Tue Feb 25 09:43:24 2014 :: [*****] BUG: Fix_exits: 5894:1 -> 5895:3 -> 5827.
Tue Feb 25 09:43:24 2014 :: [*****] BUG: Fix_exits: 5895:1 -> 5850:3 -> 5870.
Tue Feb 25 09:43:24 2014 :: [*****] BUG: Fix_exits: 5895:2 -> 5833:0 -> 5825.
Tue Feb 25 09:43:24 2014 :: [*****] BUG: Fix_exits: 5895:3 -> 5827:1 -> 5826.
Tue Feb 25 09:43:24 2014 :: [*****] BUG: Fix_exits: 4083:0 -> 4084:2 -> 4085.
Tue Feb 25 09:43:24 2014 :: [*****] BUG: Fix_exits: 4084:2 -> 4085:0 -> 4086.
Tue Feb 25 09:43:24 2014 :: [*****] BUG: Fix_exits: 4085:0 -> 4086:2 -> 4087.
Tue Feb 25 09:43:24 2014 :: [*****] BUG: Fix_exits: 4085:2 -> 4082:0 -> 4083.
Tue Feb 25 09:43:24 2014 :: [*****] BUG: Fix_exits: 4086:2 -> 4087:0 -> 4088.
Tue Feb 25 09:43:24 2014 :: [*****] BUG: Fix_exits: 4087:2 -> 4082:0 -> 4083.
Tue Feb 25 09:43:24 2014 :: [*****] BUG: Fix_mobprogs: code vnum 40200 not found.
Tue Feb 25 09:43:24 2014 :: [*****] BUG: Fix_mobprogs: code vnum 40201 not found.
Tue Feb 25 09:43:24 2014 :: [*****] BUG: Equip_char: already equipped (5).
Tue Feb 25 09:43:24 2014 :: Err: obj {DA {Rleader {Bsword{x (3798) -- 1, mob a training dummy (3768) -- 90
Tue Feb 25 09:43:24 2014 :: [*****] BUG: Equip_char: already equipped (19).
Tue Feb 25 09:43:24 2014 :: [*****] BUG: Equip_char: already equipped (19).
Tue Feb 25 09:43:24 2014 :: [*****] BUG: Equip_char: already equipped (20).
Tue Feb 25 09:43:24 2014 :: [*****] BUG: Equip_char: already equipped (5).
Tue Feb 25 09:43:24 2014 :: Err: obj a {Ys{yi{Wgn{ye{Yt r{yin{Yg{x (39574) -- 50, mob a hawker (39520) -- 40
Tue Feb 25 09:43:24 2014 :: Err: obj a {Ys{yi{Wgn{ye{Yt r{yin{Yg{x (39574) -- 50, mob a hawker (39520) -- 40
Tue Feb 25 09:43:24 2014 :: Err: obj a {Wc{wo{Wtt{wo{Wn a{yp{wr{yo{Wn{x (39567) -- 40, mob mistress of the house (39514) -- 30
Tue Feb 25 09:43:24 2014 :: Err: obj a {Wc{wo{Wtt{wo{Wn a{yp{wr{yo{Wn{x (39567) -- 40, mob mistress of the house (39514) -- 30
Tue Feb 25 09:43:24 2014 :: Loading board ../notes/Announce
Tue Feb 25 09:43:24 2014 :: Loading board ../notes/General
Tue Feb 25 09:43:24 2014 :: Loading board ../notes/Ideas
Tue Feb 25 09:43:24 2014 :: Loading board ../notes/Personal
Tue Feb 25 09:43:24 2014 :: Loading board ../notes/Guild
Tue Feb 25 09:43:24 2014 :: Loading board ../notes/Stories
Tue Feb 25 09:43:24 2014 :: Loading board ../notes/Bugs
Tue Feb 25 09:43:24 2014 :: Loading board ../notes/Permanent
Tue Feb 25 09:43:24 2014 :: Loading board ../notes/Admin
Tue Feb 25 09:43:24 2014 :: Loading board ../notes/PK
Tue Feb 25 09:43:24 2014 :: Loading board ../notes/Immortal
Tue Feb 25 09:43:24 2014 :: Loading board ../notes/Newplayers
Tue Feb 25 09:43:24 2014 :: Loaded 12 boards sucessfully.
Tue Feb 25 09:43:24 2014 :: Looking for Keepers
Tue Feb 25 09:43:24 2014 :: Error loading Keepers: No Keepers found
Tue Feb 25 09:43:24 2014 :: Looking for Vehicles
Tue Feb 25 09:43:24 2014 :: Error loading Vehicles: No Vehicles found
Tue Feb 25 09:43:24 2014 :: Shadows is ready to rock on port 4000.
Tue Feb 25 09:43:24 2014 :: Copyover recovery initiated
Tue Feb 25 09:43:24 2014 :: Loading Aldea.
Tue Feb 25 09:43:24 2014 :: [*****] BUG: Fread_char: no match.
Tue Feb 25 09:43:24 2014 :: [*****] BUG: Lastsite
Tue Feb 25 09:43:24 2014 :: [*****] BUG: Fread_char: no match.
Tue Feb 25 09:43:24 2014 :: [*****] BUG: ~
Tue Feb 25 09:43:24 2014 :: [*****] BUG: Fread_char: no match.
Tue Feb 25 09:43:24 2014 :: [*****] BUG: ~
