Mon Mar 24 04:02:32 2014 :: Log Aldea: reboot
Mon Mar 24 04:02:32 2014 :: Closing link to Aldea.
Mon Mar 24 04:02:32 2014 :: Normal termination of game.
Mon Mar 24 04:03:01 2014 :: Creating table of skills of length 261, tama~no 16704
Mon Mar 24 04:03:01 2014 :: Creating race_table of length 52, tama~no 6032
Mon Mar 24 04:03:01 2014 :: Table of races loaded.
Mon Mar 24 04:03:01 2014 :: Creating cmd_table of length 634, tama~no 10144
Mon Mar 24 04:03:01 2014 :: Table of commands loaded.
Mon Mar 24 04:03:01 2014 :: creating social_table of length 296, tama~no 10656
Mon Mar 24 04:03:01 2014 :: Table of socials loaded.
Mon Mar 24 04:03:01 2014 :: Loading guild data file ../data/guild.dat
Mon Mar 24 04:03:01 2014 :: Loaded 8 guilds successfully.
Mon Mar 24 04:03:01 2014 :: Loading SGuild data file ../data/sguild.dat
Mon Mar 24 04:03:01 2014 :: Loaded 4 SGuilds successfully.
Mon Mar 24 04:03:01 2014 :: Loading TGuild data file ../data/tguild.dat
Mon Mar 24 04:03:01 2014 :: Loaded 2 TGuilds successfully.
Mon Mar 24 04:03:01 2014 :: [*****] BUG: Read: (null)
Mon Mar 24 04:03:01 2014 :: [*****] BUG: Read: 0
Mon Mar 24 04:03:01 2014 :: [*****] BUG: Read: 0
Mon Mar 24 04:03:01 2014 :: [*****] BUG: Fix_exits: 4122:0 -> 4124:2 -> 4127.
Mon Mar 24 04:03:01 2014 :: [*****] BUG: Fix_exits: 4122:1 -> 4125:3 -> 4125.
Mon Mar 24 04:03:01 2014 :: [*****] BUG: Fix_exits: 4124:1 -> 4129:3 -> 4127.
Mon Mar 24 04:03:01 2014 :: [*****] BUG: Fix_exits: 4124:2 -> 4127:0 -> 4125.
Mon Mar 24 04:03:01 2014 :: [*****] BUG: Fix_exits: 4124:3 -> 4128:1 -> 4121.
Mon Mar 24 04:03:01 2014 :: [*****] BUG: Fix_exits: 4125:3 -> 4125:1 -> 4121.
Mon Mar 24 04:03:01 2014 :: [*****] BUG: Fix_exits: 4126:0 -> 4127:2 -> 4127.
Mon Mar 24 04:03:01 2014 :: [*****] BUG: Fix_exits: 4126:1 -> 4124:3 -> 4128.
Mon Mar 24 04:03:01 2014 :: [*****] BUG: Fix_exits: 4126:3 -> 4129:1 -> 4122.
Mon Mar 24 04:03:01 2014 :: [*****] BUG: Fix_exits: 4127:1 -> 4122:3 -> 4130.
Mon Mar 24 04:03:01 2014 :: [*****] BUG: Fix_exits: 4127:2 -> 4127:0 -> 4125.
Mon Mar 24 04:03:01 2014 :: [*****] BUG: Fix_exits: 4127:3 -> 4121:1 -> 4123.
Mon Mar 24 04:03:01 2014 :: [*****] BUG: Fix_exits: 4128:0 -> 4128:2 -> 4123.
Mon Mar 24 04:03:01 2014 :: [*****] BUG: Fix_exits: 4128:1 -> 4121:3 -> 4125.
Mon Mar 24 04:03:01 2014 :: [*****] BUG: Fix_exits: 4129:1 -> 4122:3 -> 4130.
Mon Mar 24 04:03:01 2014 :: [*****] BUG: Fix_exits: 4129:2 -> 4127:0 -> 4125.
Mon Mar 24 04:03:01 2014 :: [*****] BUG: Fix_exits: 4129:3 -> 4127:1 -> 4122.
Mon Mar 24 04:03:01 2014 :: [*****] BUG: Fix_exits: 4130:0 -> 4130:2 -> 4131.
Mon Mar 24 04:03:01 2014 :: [*****] BUG: Fix_exits: 4130:3 -> 4130:1 -> 4122.
Mon Mar 24 04:03:01 2014 :: [*****] BUG: Fix_exits: 57:0 -> 91:2 -> 92.
Mon Mar 24 04:03:01 2014 :: [*****] BUG: Fix_exits: 57:1 -> 92:3 -> 91.
Mon Mar 24 04:03:01 2014 :: [*****] BUG: Fix_exits: 57:3 -> 92:1 -> 91.
Mon Mar 24 04:03:01 2014 :: [*****] BUG: Fix_exits: 58:1 -> 92:3 -> 91.
Mon Mar 24 04:03:01 2014 :: [*****] BUG: Fix_exits: 59:3 -> 92:1 -> 91.
Mon Mar 24 04:03:01 2014 :: [*****] BUG: Fix_exits: 64:0 -> 92:2 -> 91.
Mon Mar 24 04:03:01 2014 :: [*****] BUG: Fix_exits: 65:1 -> 91:3 -> 92.
Mon Mar 24 04:03:01 2014 :: [*****] BUG: Fix_exits: 65:3 -> 92:1 -> 91.
Mon Mar 24 04:03:01 2014 :: [*****] BUG: Fix_exits: 66:3 -> 91:1 -> 92.
Mon Mar 24 04:03:01 2014 :: [*****] BUG: Fix_exits: 84:2 -> 84:0 -> 85.
Mon Mar 24 04:03:01 2014 :: [*****] BUG: Fix_exits: 84:3 -> 84:1 -> 83.
Mon Mar 24 04:03:01 2014 :: [*****] BUG: Fix_exits: 90:0 -> 91:2 -> 92.
Mon Mar 24 04:03:01 2014 :: [*****] BUG: Fix_exits: 90:1 -> 92:3 -> 91.
Mon Mar 24 04:03:01 2014 :: [*****] BUG: Fix_exits: 90:3 -> 91:1 -> 92.
Mon Mar 24 04:03:01 2014 :: [*****] BUG: Fix_exits: 93:1 -> 91:3 -> 92.
Mon Mar 24 04:03:01 2014 :: [*****] BUG: Fix_exits: 93:2 -> 92:0 -> 91.
Mon Mar 24 04:03:01 2014 :: [*****] BUG: Fix_exits: 93:3 -> 91:1 -> 92.
Mon Mar 24 04:03:01 2014 :: [*****] BUG: Fix_exits: 94:0 -> 91:2 -> 92.
Mon Mar 24 04:03:01 2014 :: [*****] BUG: Fix_exits: 94:1 -> 92:3 -> 91.
Mon Mar 24 04:03:01 2014 :: [*****] BUG: Fix_exits: 94:2 -> 91:0 -> 92.
Mon Mar 24 04:03:01 2014 :: [*****] BUG: Fix_exits: 95:0 -> 92:2 -> 91.
Mon Mar 24 04:03:01 2014 :: [*****] BUG: Fix_exits: 95:1 -> 91:3 -> 92.
Mon Mar 24 04:03:01 2014 :: [*****] BUG: Fix_exits: 95:2 -> 92:0 -> 91.
Mon Mar 24 04:03:01 2014 :: [*****] BUG: Fix_exits: 96:1 -> 91:3 -> 92.
Mon Mar 24 04:03:01 2014 :: [*****] BUG: Fix_exits: 96:2 -> 91:0 -> 92.
Mon Mar 24 04:03:01 2014 :: [*****] BUG: Fix_exits: 96:3 -> 92:1 -> 91.
Mon Mar 24 04:03:01 2014 :: [*****] BUG: Fix_exits: 97:0 -> 91:2 -> 92.
Mon Mar 24 04:03:01 2014 :: [*****] BUG: Fix_exits: 97:1 -> 92:3 -> 91.
Mon Mar 24 04:03:01 2014 :: [*****] BUG: Fix_exits: 97:2 -> 91:0 -> 92.
Mon Mar 24 04:03:01 2014 :: [*****] BUG: Fix_exits: 31013:1 -> 31012:3 -> 31010.
Mon Mar 24 04:03:01 2014 :: [*****] BUG: Fix_exits: 31013:3 -> 31011:1 -> 31010.
Mon Mar 24 04:03:01 2014 :: [*****] BUG: Fix_exits: 489:1 -> 490:3 -> 491.
Mon Mar 24 04:03:01 2014 :: [*****] BUG: Fix_exits: 490:3 -> 491:1 -> 492.
Mon Mar 24 04:03:01 2014 :: [*****] BUG: Fix_exits: 491:1 -> 492:3 -> 493.
Mon Mar 24 04:03:01 2014 :: [*****] BUG: Fix_exits: 491:3 -> 456:1 -> 489.
Mon Mar 24 04:03:01 2014 :: [*****] BUG: Fix_exits: 492:3 -> 493:1 -> 494.
Mon Mar 24 04:03:01 2014 :: [*****] BUG: Fix_exits: 492:5 -> 495:4 -> 490.
Mon Mar 24 04:03:01 2014 :: [*****] BUG: Fix_exits: 493:1 -> 494:3 -> 489.
Mon Mar 24 04:03:01 2014 :: [*****] BUG: Fix_exits: 493:3 -> 456:1 -> 489.
Mon Mar 24 04:03:01 2014 :: [*****] BUG: Fix_exits: 494:3 -> 489:1 -> 490.
Mon Mar 24 04:03:01 2014 :: [*****] BUG: Fix_exits: 29169:1 -> 29183:3 -> 29184.
Mon Mar 24 04:03:01 2014 :: [*****] BUG: Fix_exits: 27511:5 -> 40464:4 -> 57503.
Mon Mar 24 04:03:01 2014 :: [*****] BUG: Fix_exits: 37776:2 -> 14516:0 -> 14515.
Mon Mar 24 04:03:01 2014 :: [*****] BUG: Fix_exits: 37997:1 -> 55982:3 -> 55981.
Mon Mar 24 04:03:01 2014 :: [*****] BUG: Fix_exits: 5450:3 -> 5450:1 -> 5462.
Mon Mar 24 04:03:01 2014 :: [*****] BUG: Fix_exits: 5454:3 -> 5454:1 -> 5457.
Mon Mar 24 04:03:01 2014 :: [*****] BUG: Fix_exits: 5460:1 -> 5460:3 -> 5459.
Mon Mar 24 04:03:01 2014 :: [*****] BUG: Fix_exits: 5460:2 -> 5460:0 -> 5461.
Mon Mar 24 04:03:01 2014 :: [*****] BUG: Fix_exits: 28241:1 -> 28242:3 -> 28242.
Mon Mar 24 04:03:01 2014 :: [*****] BUG: Fix_exits: 28241:3 -> 28242:1 -> 28242.
Mon Mar 24 04:03:01 2014 :: [*****] BUG: Fix_exits: 28253:0 -> 28182:2 -> 28181.
Mon Mar 24 04:03:01 2014 :: [*****] BUG: Fix_exits: 30432:5 -> 30439:4 -> 30336.
Mon Mar 24 04:03:01 2014 :: [*****] BUG: Fix_exits: 18156:3 -> 18152:1 -> 18154.
Mon Mar 24 04:03:01 2014 :: [*****] BUG: Fix_exits: 18164:2 -> 18153:0 -> 18151.
Mon Mar 24 04:03:01 2014 :: [*****] BUG: Fix_exits: 18166:3 -> 18165:1 -> 18153.
Mon Mar 24 04:03:01 2014 :: [*****] BUG: Fix_exits: 3831:5 -> 3837:4 -> 3839.
Mon Mar 24 04:03:01 2014 :: [*****] BUG: Fix_exits: 3839:4 -> 3831:5 -> 3837.
Mon Mar 24 04:03:01 2014 :: [*****] BUG: Fix_exits: 5894:1 -> 5895:3 -> 5827.
Mon Mar 24 04:03:01 2014 :: [*****] BUG: Fix_exits: 5895:1 -> 5850:3 -> 5870.
Mon Mar 24 04:03:01 2014 :: [*****] BUG: Fix_exits: 5895:2 -> 5833:0 -> 5825.
Mon Mar 24 04:03:01 2014 :: [*****] BUG: Fix_exits: 5895:3 -> 5827:1 -> 5826.
Mon Mar 24 04:03:01 2014 :: [*****] BUG: Fix_exits: 4083:0 -> 4084:2 -> 4085.
Mon Mar 24 04:03:01 2014 :: [*****] BUG: Fix_exits: 4084:2 -> 4085:0 -> 4086.
Mon Mar 24 04:03:01 2014 :: [*****] BUG: Fix_exits: 4085:0 -> 4086:2 -> 4087.
Mon Mar 24 04:03:01 2014 :: [*****] BUG: Fix_exits: 4085:2 -> 4082:0 -> 4083.
Mon Mar 24 04:03:01 2014 :: [*****] BUG: Fix_exits: 4086:2 -> 4087:0 -> 4088.
Mon Mar 24 04:03:01 2014 :: [*****] BUG: Fix_exits: 4087:2 -> 4082:0 -> 4083.
Mon Mar 24 04:03:01 2014 :: [*****] BUG: Fix_mobprogs: code vnum 40200 not found.
Mon Mar 24 04:03:01 2014 :: [*****] BUG: Fix_mobprogs: code vnum 40201 not found.
Mon Mar 24 04:03:01 2014 :: [*****] BUG: Equip_char: already equipped (5).
Mon Mar 24 04:03:01 2014 :: Err: obj {DA {Rleader {Bsword{x (3798) -- 1, mob a training dummy (3768) -- 90
Mon Mar 24 04:03:01 2014 :: [*****] BUG: Equip_char: already equipped (19).
Mon Mar 24 04:03:01 2014 :: [*****] BUG: Equip_char: already equipped (19).
Mon Mar 24 04:03:01 2014 :: [*****] BUG: Equip_char: already equipped (20).
Mon Mar 24 04:03:01 2014 :: [*****] BUG: Equip_char: already equipped (5).
Mon Mar 24 04:03:01 2014 :: Err: obj a {Ys{yi{Wgn{ye{Yt r{yin{Yg{x (39574) -- 50, mob a hawker (39520) -- 40
Mon Mar 24 04:03:01 2014 :: Err: obj a {Ys{yi{Wgn{ye{Yt r{yin{Yg{x (39574) -- 50, mob a hawker (39520) -- 40
Mon Mar 24 04:03:01 2014 :: Err: obj a {Wc{wo{Wtt{wo{Wn a{yp{wr{yo{Wn{x (39567) -- 40, mob mistress of the house (39514) -- 30
Mon Mar 24 04:03:01 2014 :: Err: obj a {Wc{wo{Wtt{wo{Wn a{yp{wr{yo{Wn{x (39567) -- 40, mob mistress of the house (39514) -- 30
Mon Mar 24 04:03:01 2014 :: Loading board ../notes/Announce
Mon Mar 24 04:03:01 2014 :: Loading board ../notes/General
Mon Mar 24 04:03:01 2014 :: Loading board ../notes/Ideas
Mon Mar 24 04:03:01 2014 :: Loading board ../notes/Personal
Mon Mar 24 04:03:01 2014 :: Loading board ../notes/Guild
Mon Mar 24 04:03:01 2014 :: Loading board ../notes/Stories
Mon Mar 24 04:03:01 2014 :: Loading board ../notes/Bugs
Mon Mar 24 04:03:01 2014 :: Loading board ../notes/Permanent
Mon Mar 24 04:03:01 2014 :: Loading board ../notes/Admin
Mon Mar 24 04:03:01 2014 :: Loading board ../notes/PK
Mon Mar 24 04:03:01 2014 :: Loading board ../notes/Immortal
Mon Mar 24 04:03:01 2014 :: Loading board ../notes/Newplayers
Mon Mar 24 04:03:01 2014 :: Loaded 12 boards sucessfully.
Mon Mar 24 04:03:01 2014 :: Looking for Keepers
Mon Mar 24 04:03:01 2014 :: Error loading Keepers: No Keepers found
Mon Mar 24 04:03:01 2014 :: Looking for Vehicles
Mon Mar 24 04:03:01 2014 :: Error loading Vehicles: No Vehicles found
Mon Mar 24 04:03:01 2014 :: Shadows is ready to rock on port 4000.
Mon Mar 24 04:03:07 2014 :: Sock.sinaddr:  10.0.0.3
Mon Mar 24 04:03:10 2014 :: Loading Aldea.
Mon Mar 24 04:03:10 2014 :: [*****] BUG: Fread_char: no match.
Mon Mar 24 04:03:10 2014 :: [*****] BUG: Lastsite
Mon Mar 24 04:03:10 2014 :: [*****] BUG: Fread_char: no match.
Mon Mar 24 04:03:10 2014 :: [*****] BUG: ~
Mon Mar 24 04:03:10 2014 :: [*****] BUG: Fread_char: no match.
Mon Mar 24 04:03:10 2014 :: [*****] BUG: ~
Mon Mar 24 04:03:12 2014 :: Aldea@10.0.0.3 has connected.
Mon Mar 24 04:03:12 2014 :: Can't open cgi.log file
Mon Mar 24 04:37:05 2014 :: [*****] BUG: Equip_char: already equipped (19).
Mon Mar 24 12:44:14 2014 :: EOF encountered on read.
Mon Mar 24 12:44:14 2014 :: Closing link to Aldea.
