Fri Apr 18 21:13:15 2014 :: Room vnum 3794 have empty room name!
Fri Apr 18 21:13:15 2014 :: Room vnum 3795 have empty room name!
Fri Apr 18 21:13:15 2014 :: Room vnum 29506 have empty room name!
Fri Apr 18 21:13:15 2014 :: Room vnum 29518 have empty room name!
Fri Apr 18 21:13:15 2014 :: Room vnum 29744 have empty room name!
Fri Apr 18 21:13:15 2014 :: Room vnum 29748 have empty room name!
Fri Apr 18 21:13:15 2014 :: Room vnum 29930 have empty room name!
Fri Apr 18 21:13:15 2014 :: Room vnum 29931 have empty room name!
Fri Apr 18 21:13:15 2014 :: Room vnum 29932 have empty room name!
Fri Apr 18 21:13:15 2014 :: Room vnum 29933 have empty room name!
Fri Apr 18 21:13:15 2014 :: Room vnum 29935 have empty room name!
Fri Apr 18 21:13:15 2014 :: Room vnum 29936 have empty room name!
Fri Apr 18 21:13:15 2014 :: Room vnum 29937 have empty room name!
Fri Apr 18 21:13:15 2014 :: Room vnum 29948 have empty room name!
Fri Apr 18 21:13:15 2014 :: Room vnum 29949 have empty room name!
Fri Apr 18 21:13:15 2014 :: Room vnum 29950 have empty room name!
Fri Apr 18 21:13:15 2014 :: Room vnum 12391 have empty room name!
Fri Apr 18 21:13:15 2014 :: Room vnum 12392 have empty room name!
Fri Apr 18 21:13:15 2014 :: Room vnum 12393 have empty room name!
Fri Apr 18 21:13:15 2014 :: Room vnum 12414 have empty room name!
Fri Apr 18 21:13:15 2014 :: Room vnum 12427 have empty room name!
Fri Apr 18 21:13:15 2014 :: Room vnum 12449 have empty room name!
Fri Apr 18 21:13:15 2014 :: Room vnum 12450 have empty room name!
Fri Apr 18 21:13:15 2014 :: Room vnum 12451 have empty room name!
Fri Apr 18 21:13:15 2014 :: Room vnum 12453 have empty room name!
Fri Apr 18 21:13:15 2014 :: Room vnum 12474 have empty room name!
Fri Apr 18 21:13:15 2014 :: Room vnum 12478 have empty room name!
Fri Apr 18 21:13:15 2014 :: Room vnum 12540 have empty room name!
Fri Apr 18 21:13:15 2014 :: Room vnum 12639 have empty room name!
Fri Apr 18 21:13:15 2014 :: Room vnum 12650 have empty room name!
Fri Apr 18 21:13:15 2014 :: Room vnum 12210 have empty room name!
Fri Apr 18 21:13:15 2014 :: Room vnum 12270 have empty room name!
Fri Apr 18 21:13:15 2014 :: Room vnum 32607 have empty room name!
Fri Apr 18 21:13:15 2014 :: Room vnum 32608 have empty room name!
Fri Apr 18 21:13:15 2014 :: Room vnum 32609 have empty room name!
Fri Apr 18 21:13:15 2014 :: Room vnum 32610 have empty room name!
Fri Apr 18 21:13:15 2014 :: Room vnum 32611 have empty room name!
Fri Apr 18 21:13:15 2014 :: Room vnum 32612 have empty room name!
Fri Apr 18 21:13:15 2014 :: Room vnum 32613 have empty room name!
Fri Apr 18 21:13:15 2014 :: Room vnum 32614 have empty room name!
Fri Apr 18 21:13:15 2014 :: Room vnum 32627 have empty room name!
Fri Apr 18 21:13:15 2014 :: Room vnum 32628 have empty room name!
Fri Apr 18 21:13:15 2014 :: Room vnum 32629 have empty room name!
Fri Apr 18 21:13:15 2014 :: Room vnum 32630 have empty room name!
Fri Apr 18 21:13:15 2014 :: Room vnum 32631 have empty room name!
Fri Apr 18 21:13:15 2014 :: Room vnum 32632 have empty room name!
Fri Apr 18 21:13:15 2014 :: Room vnum 32633 have empty room name!
Fri Apr 18 21:13:15 2014 :: Room vnum 32634 have empty room name!
Fri Apr 18 21:13:15 2014 :: Room vnum 32635 have empty room name!
Fri Apr 18 21:13:15 2014 :: Room vnum 32636 have empty room name!
Fri Apr 18 21:13:15 2014 :: Room vnum 32637 have empty room name!
Fri Apr 18 21:13:15 2014 :: Room vnum 32638 have empty room name!
Fri Apr 18 21:13:15 2014 :: Room vnum 32639 have empty room name!
Fri Apr 18 21:13:15 2014 :: Room vnum 32640 have empty room name!
Fri Apr 18 21:13:15 2014 :: Room vnum 32641 have empty room name!
Fri Apr 18 21:13:15 2014 :: Room vnum 32642 have empty room name!
Fri Apr 18 21:13:15 2014 :: Room vnum 32643 have empty room name!
Fri Apr 18 21:13:15 2014 :: Room vnum 32644 have empty room name!
Fri Apr 18 21:13:15 2014 :: Room vnum 32645 have empty room name!
Fri Apr 18 21:13:15 2014 :: Room vnum 32646 have empty room name!
Fri Apr 18 21:13:15 2014 :: Room vnum 32647 have empty room name!
Fri Apr 18 21:13:15 2014 :: Room vnum 32648 have empty room name!
Fri Apr 18 21:13:15 2014 :: Room vnum 32649 have empty room name!
Fri Apr 18 21:13:15 2014 :: Room vnum 32651 have empty room name!
Fri Apr 18 21:13:15 2014 :: Room vnum 32653 have empty room name!
Fri Apr 18 21:13:15 2014 :: Room vnum 32657 have empty room name!
Fri Apr 18 21:13:15 2014 :: Room vnum 32658 have empty room name!
Fri Apr 18 21:13:15 2014 :: Room vnum 32700 have empty room name!
Fri Apr 18 21:13:15 2014 :: Room vnum 10565 have empty room name!
Fri Apr 18 21:13:15 2014 :: Room vnum 10591 have empty room name!
Fri Apr 18 21:13:15 2014 :: Room vnum 199 have empty room name!
Fri Apr 18 21:13:15 2014 :: Room vnum 4508 have empty room name!
Fri Apr 18 21:13:15 2014 :: Room vnum 9187 have empty room name!
Fri Apr 18 21:13:15 2014 :: Room vnum 995 have empty room name!
Fri Apr 18 21:13:15 2014 :: Room vnum 996 have empty room name!
Fri Apr 18 21:13:15 2014 :: Room vnum 997 have empty room name!
Fri Apr 18 21:13:15 2014 :: Room vnum 998 have empty room name!
Fri Apr 18 21:13:15 2014 :: Room vnum 999 have empty room name!
Fri Apr 18 21:13:15 2014 :: Room vnum 8495 have empty room name!
Fri Apr 18 21:13:15 2014 :: Room vnum 8588 have empty room name!
Fri Apr 18 21:13:15 2014 :: Room vnum 8589 have empty room name!
Fri Apr 18 21:13:15 2014 :: Room vnum 8590 have empty room name!
Fri Apr 18 21:13:15 2014 :: Room vnum 8592 have empty room name!
Fri Apr 18 21:13:15 2014 :: Room vnum 8595 have empty room name!
Fri Apr 18 21:13:15 2014 :: Room vnum 8597 have empty room name!
Fri Apr 18 21:13:15 2014 :: Room vnum 8598 have empty room name!
Fri Apr 18 21:13:15 2014 :: Room vnum 8599 have empty room name!
Fri Apr 18 21:13:15 2014 :: Room vnum 16836 have empty room name!
Fri Apr 18 21:13:15 2014 :: Room vnum 20755 have empty room name!
Fri Apr 18 21:13:15 2014 :: Room vnum 24820 have empty room name!
Fri Apr 18 21:13:15 2014 :: Room vnum 3699 have empty room name!
Fri Apr 18 21:13:15 2014 :: Room vnum 14119 have empty room name!
Fri Apr 18 21:13:15 2014 :: Room vnum 27457 have empty room name!
Fri Apr 18 21:13:15 2014 :: Room vnum 27458 have empty room name!
Fri Apr 18 21:13:15 2014 :: Room vnum 9740 have empty room name!
Fri Apr 18 21:13:15 2014 :: Room vnum 9747 have empty room name!
Fri Apr 18 21:13:15 2014 :: Room vnum 9748 have empty room name!
Fri Apr 18 21:13:15 2014 :: Room vnum 9749 have empty room name!
Fri Apr 18 21:13:15 2014 :: Room vnum 9750 have empty room name!
Fri Apr 18 21:13:15 2014 :: Room vnum 9751 have empty room name!
Fri Apr 18 21:13:15 2014 :: Room vnum 9752 have empty room name!
Fri Apr 18 21:13:15 2014 :: Room vnum 9753 have empty room name!
Fri Apr 18 21:13:15 2014 :: Room vnum 9754 have empty room name!
Fri Apr 18 21:13:15 2014 :: Room vnum 9755 have empty room name!
Fri Apr 18 21:13:15 2014 :: Room vnum 9756 have empty room name!
Fri Apr 18 21:13:15 2014 :: Room vnum 9757 have empty room name!
Fri Apr 18 21:13:15 2014 :: Room vnum 27516 have empty room name!
Fri Apr 18 21:13:15 2014 :: Room vnum 58583 have empty room name!
Fri Apr 18 21:13:15 2014 :: Room vnum 58644 have empty room name!
Fri Apr 18 21:13:15 2014 :: Room vnum 58659 have empty room name!
Fri Apr 18 21:13:15 2014 :: Room vnum 28260 have empty room name!
Fri Apr 18 21:13:15 2014 :: Room vnum 35514 have empty room name!
Fri Apr 18 21:13:15 2014 :: Room vnum 9901 have empty room name!
Fri Apr 18 21:13:15 2014 :: Room vnum 9902 have empty room name!
Fri Apr 18 21:13:15 2014 :: Room vnum 9903 have empty room name!
Fri Apr 18 21:13:15 2014 :: Room vnum 9904 have empty room name!
Fri Apr 18 21:13:15 2014 :: Room vnum 9906 have empty room name!
Fri Apr 18 21:13:15 2014 :: Room vnum 9908 have empty room name!
Fri Apr 18 21:13:15 2014 :: Room vnum 9911 have empty room name!
Fri Apr 18 21:13:15 2014 :: Room vnum 9983 have empty room name!
Fri Apr 18 21:13:15 2014 :: Room vnum 9984 have empty room name!
Fri Apr 18 21:13:15 2014 :: Room vnum 9986 have empty room name!
Fri Apr 18 21:13:15 2014 :: Room vnum 9987 have empty room name!
Fri Apr 18 21:13:15 2014 :: Room vnum 9988 have empty room name!
Fri Apr 18 21:13:15 2014 :: Room vnum 9989 have empty room name!
Fri Apr 18 21:13:15 2014 :: Room vnum 9997 have empty room name!
Fri Apr 18 21:13:15 2014 :: Room vnum 35436 have empty room name!
Fri Apr 18 21:13:15 2014 :: Room vnum 35454 have empty room name!
Fri Apr 18 21:13:15 2014 :: Room vnum 35456 have empty room name!
Fri Apr 18 21:13:15 2014 :: Room vnum 34079 have empty room name!
Fri Apr 18 21:13:15 2014 :: Room vnum 34092 have empty room name!
Fri Apr 18 21:13:15 2014 :: Room vnum 34116 have empty room name!
Fri Apr 18 21:13:15 2014 :: Room vnum 34117 have empty room name!
Fri Apr 18 21:13:15 2014 :: Room vnum 34118 have empty room name!
Fri Apr 18 21:13:15 2014 :: Room vnum 34119 have empty room name!
Fri Apr 18 21:13:15 2014 :: Room vnum 34120 have empty room name!
Fri Apr 18 21:13:15 2014 :: Room vnum 34121 have empty room name!
Fri Apr 18 21:13:15 2014 :: Room vnum 34122 have empty room name!
Fri Apr 18 21:13:15 2014 :: Room vnum 34123 have empty room name!
Fri Apr 18 21:13:15 2014 :: Room vnum 34124 have empty room name!
Fri Apr 18 21:13:15 2014 :: Room vnum 34125 have empty room name!
Fri Apr 18 21:13:15 2014 :: Room vnum 34126 have empty room name!
Fri Apr 18 21:13:15 2014 :: Room vnum 34127 have empty room name!
Fri Apr 18 21:13:15 2014 :: Room vnum 34128 have empty room name!
Fri Apr 18 21:13:15 2014 :: Room vnum 34129 have empty room name!
Fri Apr 18 21:13:15 2014 :: Room vnum 34130 have empty room name!
Fri Apr 18 21:13:15 2014 :: Room vnum 34131 have empty room name!
Fri Apr 18 21:13:15 2014 :: Room vnum 34132 have empty room name!
Fri Apr 18 21:13:15 2014 :: Room vnum 34133 have empty room name!
Fri Apr 18 21:13:15 2014 :: Room vnum 34135 have empty room name!
Fri Apr 18 21:13:15 2014 :: Room vnum 34136 have empty room name!
Fri Apr 18 21:13:15 2014 :: Room vnum 18003 have empty room name!
Fri Apr 18 21:13:15 2014 :: Room vnum 18005 have empty room name!
Fri Apr 18 21:13:15 2014 :: Room vnum 18010 have empty room name!
Fri Apr 18 21:13:15 2014 :: Room vnum 18021 have empty room name!
Fri Apr 18 21:13:15 2014 :: Room vnum 18022 have empty room name!
Fri Apr 18 21:13:15 2014 :: Room vnum 18024 have empty room name!
Fri Apr 18 21:13:15 2014 :: Room vnum 18025 have empty room name!
Fri Apr 18 21:13:15 2014 :: Room vnum 18028 have empty room name!
Fri Apr 18 21:13:15 2014 :: Room vnum 18029 have empty room name!
Fri Apr 18 21:13:15 2014 :: Room vnum 18032 have empty room name!
Fri Apr 18 21:13:15 2014 :: Room vnum 18038 have empty room name!
Fri Apr 18 21:13:15 2014 :: Room vnum 18039 have empty room name!
Fri Apr 18 21:13:15 2014 :: Room vnum 18040 have empty room name!
Fri Apr 18 21:13:15 2014 :: Room vnum 18046 have empty room name!
Fri Apr 18 21:13:15 2014 :: Room vnum 18048 have empty room name!
Fri Apr 18 21:13:15 2014 :: Room vnum 18054 have empty room name!
Fri Apr 18 21:13:15 2014 :: Room vnum 18061 have empty room name!
Fri Apr 18 21:13:15 2014 :: Room vnum 18062 have empty room name!
Fri Apr 18 21:13:15 2014 :: Room vnum 18193 have empty room name!
Fri Apr 18 21:13:15 2014 :: Room vnum 2708 have empty room name!
Fri Apr 18 21:13:15 2014 :: Room vnum 2709 have empty room name!
Fri Apr 18 21:13:15 2014 :: Room vnum 2710 have empty room name!
Fri Apr 18 21:13:15 2014 :: Room vnum 2711 have empty room name!
Fri Apr 18 21:13:15 2014 :: Room vnum 2715 have empty room name!
Fri Apr 18 21:13:15 2014 :: Room vnum 2716 have empty room name!
Fri Apr 18 21:13:15 2014 :: Room vnum 2717 have empty room name!
Fri Apr 18 21:13:15 2014 :: Room vnum 2721 have empty room name!
Fri Apr 18 21:13:15 2014 :: Room vnum 2722 have empty room name!
Fri Apr 18 21:13:15 2014 :: Room vnum 2723 have empty room name!
Fri Apr 18 21:13:15 2014 :: Room vnum 2724 have empty room name!
Fri Apr 18 21:13:15 2014 :: Room vnum 2725 have empty room name!
Fri Apr 18 21:13:15 2014 :: Room vnum 2726 have empty room name!
Fri Apr 18 21:13:15 2014 :: Room vnum 2727 have empty room name!
Fri Apr 18 21:13:15 2014 :: Room vnum 2728 have empty room name!
Fri Apr 18 21:13:15 2014 :: Room vnum 2729 have empty room name!
Fri Apr 18 21:13:15 2014 :: Room vnum 2730 have empty room name!
Fri Apr 18 21:13:15 2014 :: Room vnum 2731 have empty room name!
Fri Apr 18 21:13:15 2014 :: Room vnum 2732 have empty room name!
Fri Apr 18 21:13:15 2014 :: Room vnum 2733 have empty room name!
Fri Apr 18 21:13:15 2014 :: Room vnum 2734 have empty room name!
Fri Apr 18 21:13:15 2014 :: Room vnum 2735 have empty room name!
Fri Apr 18 21:13:15 2014 :: Room vnum 2736 have empty room name!
Fri Apr 18 21:13:15 2014 :: Room vnum 2737 have empty room name!
Fri Apr 18 21:13:15 2014 :: Room vnum 2738 have empty room name!
Fri Apr 18 21:13:15 2014 :: Room vnum 2739 have empty room name!
Fri Apr 18 21:13:15 2014 :: Room vnum 2740 have empty room name!
Fri Apr 18 21:13:15 2014 :: Room vnum 2741 have empty room name!
Fri Apr 18 21:13:15 2014 :: Room vnum 2742 have empty room name!
Fri Apr 18 21:13:15 2014 :: Room vnum 2743 have empty room name!
Fri Apr 18 21:13:15 2014 :: Room vnum 2744 have empty room name!
Fri Apr 18 21:13:15 2014 :: Room vnum 2745 have empty room name!
Fri Apr 18 21:13:15 2014 :: Room vnum 2746 have empty room name!
Fri Apr 18 21:13:15 2014 :: Room vnum 2747 have empty room name!
Fri Apr 18 21:13:15 2014 :: Room vnum 2748 have empty room name!
Fri Apr 18 21:13:15 2014 :: Room vnum 2749 have empty room name!
Fri Apr 18 21:13:15 2014 :: Room vnum 2750 have empty room name!
Fri Apr 18 21:13:15 2014 :: Room vnum 2751 have empty room name!
Fri Apr 18 21:13:15 2014 :: Room vnum 2752 have empty room name!
Fri Apr 18 21:13:15 2014 :: Room vnum 2753 have empty room name!
Fri Apr 18 21:13:15 2014 :: Room vnum 2754 have empty room name!
Fri Apr 18 21:13:15 2014 :: Room vnum 2755 have empty room name!
Fri Apr 18 21:13:15 2014 :: Room vnum 2756 have empty room name!
Fri Apr 18 21:13:15 2014 :: Room vnum 2757 have empty room name!
Fri Apr 18 21:13:15 2014 :: Room vnum 2758 have empty room name!
Fri Apr 18 21:13:15 2014 :: Room vnum 2759 have empty room name!
Fri Apr 18 21:13:15 2014 :: Room vnum 2760 have empty room name!
Fri Apr 18 21:13:15 2014 :: Room vnum 2761 have empty room name!
Fri Apr 18 21:13:15 2014 :: Room vnum 2762 have empty room name!
Fri Apr 18 21:13:15 2014 :: Room vnum 2763 have empty room name!
Fri Apr 18 21:13:15 2014 :: Room vnum 2764 have empty room name!
Fri Apr 18 21:13:15 2014 :: Room vnum 2765 have empty room name!
Fri Apr 18 21:13:15 2014 :: Room vnum 2766 have empty room name!
Fri Apr 18 21:13:15 2014 :: Room vnum 4096 have empty room name!
Fri Apr 18 21:13:15 2014 :: Room vnum 4097 have empty room name!
Fri Apr 18 21:13:15 2014 :: Room vnum 4098 have empty room name!
Fri Apr 18 21:13:15 2014 :: Room vnum 4099 have empty room name!
Fri Apr 18 21:13:15 2014 :: Room vnum 4100 have empty room name!
Fri Apr 18 21:13:15 2014 :: Room vnum 4101 have empty room name!
Fri Apr 18 21:13:15 2014 :: Room vnum 4102 have empty room name!
Fri Apr 18 21:13:15 2014 :: Room vnum 4103 have empty room name!
Fri Apr 18 21:13:15 2014 :: Room vnum 4104 have empty room name!
Fri Apr 18 21:13:15 2014 :: Room vnum 4105 have empty room name!
Fri Apr 18 21:13:15 2014 :: Room vnum 4106 have empty room name!
Fri Apr 18 21:13:15 2014 :: Room vnum 4107 have empty room name!
Fri Apr 18 21:13:15 2014 :: Room vnum 4108 have empty room name!
Fri Apr 18 21:13:15 2014 :: Room vnum 4109 have empty room name!
Fri Apr 18 21:13:15 2014 :: Room vnum 4110 have empty room name!
Fri Apr 18 21:13:15 2014 :: Room vnum 4111 have empty room name!
Fri Apr 18 21:13:15 2014 :: Room vnum 4112 have empty room name!
Fri Apr 18 21:13:15 2014 :: Room vnum 4113 have empty room name!
Fri Apr 18 21:13:15 2014 :: Room vnum 4114 have empty room name!
Fri Apr 18 21:13:15 2014 :: Room vnum 4115 have empty room name!
Fri Apr 18 21:13:15 2014 :: Room vnum 4116 have empty room name!
Fri Apr 18 21:13:15 2014 :: Room vnum 4117 have empty room name!
Fri Apr 18 21:13:15 2014 :: Room vnum 4118 have empty room name!
Fri Apr 18 21:13:15 2014 :: Room vnum 4119 have empty room name!
Fri Apr 18 21:13:15 2014 :: Room vnum 4120 have empty room name!
Fri Apr 18 21:13:15 2014 :: Room vnum 3838 have empty room name!
Fri Apr 18 21:13:15 2014 :: Room vnum 3842 have empty room name!
Fri Apr 18 21:13:15 2014 :: Room vnum 3864 have empty room name!
Fri Apr 18 21:13:15 2014 :: Room vnum 3865 have empty room name!
Fri Apr 18 21:13:15 2014 :: Room vnum 3866 have empty room name!
Fri Apr 18 21:13:15 2014 :: Room vnum 3867 have empty room name!
Fri Apr 18 21:13:15 2014 :: Room vnum 3868 have empty room name!
Fri Apr 18 21:13:15 2014 :: Room vnum 3869 have empty room name!
Fri Apr 18 21:13:15 2014 :: Room vnum 3870 have empty room name!
Fri Apr 18 21:13:15 2014 :: Room vnum 3871 have empty room name!
Fri Apr 18 21:13:15 2014 :: Room vnum 3878 have empty room name!
Fri Apr 18 21:13:15 2014 :: Room vnum 3879 have empty room name!
Fri Apr 18 21:13:15 2014 :: Room vnum 3880 have empty room name!
Fri Apr 18 21:13:15 2014 :: Room vnum 3881 have empty room name!
Fri Apr 18 21:13:15 2014 :: Room vnum 3882 have empty room name!
Fri Apr 18 21:13:15 2014 :: Room vnum 3883 have empty room name!
Fri Apr 18 21:13:15 2014 :: Room vnum 3884 have empty room name!
Fri Apr 18 21:13:15 2014 :: Room vnum 3885 have empty room name!
Fri Apr 18 21:13:15 2014 :: Room vnum 3886 have empty room name!
Fri Apr 18 21:13:15 2014 :: Room vnum 3887 have empty room name!
Fri Apr 18 21:13:15 2014 :: Room vnum 3888 have empty room name!
Fri Apr 18 21:13:15 2014 :: Room vnum 3889 have empty room name!
Fri Apr 18 21:13:15 2014 :: Room vnum 3890 have empty room name!
Fri Apr 18 21:13:15 2014 :: Room vnum 3891 have empty room name!
Fri Apr 18 21:13:15 2014 :: Room vnum 3892 have empty room name!
Fri Apr 18 21:13:15 2014 :: Room vnum 3893 have empty room name!
Fri Apr 18 21:13:15 2014 :: Room vnum 3894 have empty room name!
Fri Apr 18 21:13:15 2014 :: Room vnum 3895 have empty room name!
Fri Apr 18 21:13:15 2014 :: Room vnum 3896 have empty room name!
Fri Apr 18 21:13:15 2014 :: Room vnum 3897 have empty room name!
Fri Apr 18 21:13:15 2014 :: Room vnum 3898 have empty room name!
Fri Apr 18 21:13:15 2014 :: Room vnum 3899 have empty room name!
Fri Apr 18 21:13:15 2014 :: Room vnum 3900 have empty room name!
Fri Apr 18 21:13:15 2014 :: Room vnum 3901 have empty room name!
Fri Apr 18 21:13:15 2014 :: Room vnum 3902 have empty room name!
Fri Apr 18 21:13:15 2014 :: Room vnum 3903 have empty room name!
Fri Apr 18 21:13:15 2014 :: Room vnum 3904 have empty room name!
Fri Apr 18 21:13:15 2014 :: Room vnum 3905 have empty room name!
Fri Apr 18 21:13:15 2014 :: Room vnum 3906 have empty room name!
Fri Apr 18 21:13:15 2014 :: Room vnum 3907 have empty room name!
Fri Apr 18 21:13:15 2014 :: Room vnum 3908 have empty room name!
Fri Apr 18 21:13:15 2014 :: Room vnum 3909 have empty room name!
Fri Apr 18 21:13:15 2014 :: Room vnum 3910 have empty room name!
Fri Apr 18 21:13:15 2014 :: Room vnum 3911 have empty room name!
Fri Apr 18 21:13:15 2014 :: Room vnum 3912 have empty room name!
Fri Apr 18 21:13:15 2014 :: Room vnum 3913 have empty room name!
Fri Apr 18 21:13:15 2014 :: Room vnum 3914 have empty room name!
Fri Apr 18 21:13:15 2014 :: Room vnum 3915 have empty room name!
Fri Apr 18 21:13:15 2014 :: Room vnum 3916 have empty room name!
Fri Apr 18 21:13:15 2014 :: Room vnum 3917 have empty room name!
Fri Apr 18 21:13:15 2014 :: Room vnum 3918 have empty room name!
Fri Apr 18 21:13:15 2014 :: Room vnum 3919 have empty room name!
Fri Apr 18 21:13:15 2014 :: Room vnum 3920 have empty room name!
Fri Apr 18 21:13:15 2014 :: Room vnum 3921 have empty room name!
Fri Apr 18 21:13:15 2014 :: Room vnum 3922 have empty room name!
Fri Apr 18 21:13:15 2014 :: Room vnum 3923 have empty room name!
Fri Apr 18 21:13:15 2014 :: Room vnum 3924 have empty room name!
Fri Apr 18 21:13:15 2014 :: Room vnum 3925 have empty room name!
Fri Apr 18 21:13:15 2014 :: Room vnum 3926 have empty room name!
Fri Apr 18 21:13:15 2014 :: Room vnum 3927 have empty room name!
Fri Apr 18 21:13:15 2014 :: Room vnum 3928 have empty room name!
Fri Apr 18 21:13:15 2014 :: Room vnum 3929 have empty room name!
Fri Apr 18 21:13:15 2014 :: Room vnum 3930 have empty room name!
Fri Apr 18 21:13:15 2014 :: Room vnum 3931 have empty room name!
Fri Apr 18 21:13:15 2014 :: Room vnum 3932 have empty room name!
Fri Apr 18 21:13:15 2014 :: Room vnum 3933 have empty room name!
Fri Apr 18 21:13:15 2014 :: Room vnum 3934 have empty room name!
Fri Apr 18 21:13:15 2014 :: Room vnum 3935 have empty room name!
Fri Apr 18 21:13:15 2014 :: Room vnum 3936 have empty room name!
Fri Apr 18 21:13:15 2014 :: Room vnum 3937 have empty room name!
Fri Apr 18 21:13:15 2014 :: Room vnum 3938 have empty room name!
Fri Apr 18 21:13:15 2014 :: Room vnum 3939 have empty room name!
Fri Apr 18 21:13:15 2014 :: Room vnum 3940 have empty room name!
Fri Apr 18 21:13:15 2014 :: Room vnum 3941 have empty room name!
Fri Apr 18 21:13:15 2014 :: Room vnum 3942 have empty room name!
Fri Apr 18 21:13:15 2014 :: Room vnum 3943 have empty room name!
Fri Apr 18 21:13:15 2014 :: Room vnum 3944 have empty room name!
Fri Apr 18 21:13:15 2014 :: Room vnum 3945 have empty room name!
Fri Apr 18 21:13:15 2014 :: Room vnum 3946 have empty room name!
Fri Apr 18 21:13:15 2014 :: Room vnum 3947 have empty room name!
Fri Apr 18 21:13:15 2014 :: Room vnum 3948 have empty room name!
Fri Apr 18 21:13:15 2014 :: Room vnum 3949 have empty room name!
Fri Apr 18 21:13:15 2014 :: Room vnum 3950 have empty room name!
Fri Apr 18 21:13:15 2014 :: Room vnum 3951 have empty room name!
Fri Apr 18 21:13:15 2014 :: Room vnum 3952 have empty room name!
Fri Apr 18 21:13:15 2014 :: Room vnum 3953 have empty room name!
Fri Apr 18 21:13:15 2014 :: Room vnum 3954 have empty room name!
Fri Apr 18 21:13:15 2014 :: Room vnum 3955 have empty room name!
Fri Apr 18 21:13:15 2014 :: Room vnum 3956 have empty room name!
Fri Apr 18 21:13:15 2014 :: Room vnum 3957 have empty room name!
Fri Apr 18 21:13:15 2014 :: Room vnum 3958 have empty room name!
Fri Apr 18 21:13:15 2014 :: Room vnum 3959 have empty room name!
Fri Apr 18 21:13:15 2014 :: Room vnum 3960 have empty room name!
Fri Apr 18 21:13:15 2014 :: Room vnum 3961 have empty room name!
Fri Apr 18 21:13:15 2014 :: Room vnum 3962 have empty room name!
Fri Apr 18 21:13:15 2014 :: Room vnum 3963 have empty room name!
Fri Apr 18 21:13:15 2014 :: Room vnum 3964 have empty room name!
Fri Apr 18 21:13:15 2014 :: Room vnum 3965 have empty room name!
Fri Apr 18 21:13:15 2014 :: Room vnum 3966 have empty room name!
Fri Apr 18 21:13:15 2014 :: Room vnum 3967 have empty room name!
Fri Apr 18 21:13:15 2014 :: Room vnum 3968 have empty room name!
Fri Apr 18 21:13:15 2014 :: Room vnum 3969 have empty room name!
Fri Apr 18 21:13:15 2014 :: Room vnum 3970 have empty room name!
Fri Apr 18 21:13:15 2014 :: Room vnum 3971 have empty room name!
Fri Apr 18 21:13:15 2014 :: Room vnum 3972 have empty room name!
Fri Apr 18 21:13:15 2014 :: Room vnum 3973 have empty room name!
Fri Apr 18 21:13:15 2014 :: Room vnum 3974 have empty room name!
Fri Apr 18 21:13:15 2014 :: Room vnum 3975 have empty room name!
Fri Apr 18 21:13:15 2014 :: Room vnum 3976 have empty room name!
Fri Apr 18 21:13:15 2014 :: Room vnum 3977 have empty room name!
Fri Apr 18 21:13:15 2014 :: Room vnum 3978 have empty room name!
Fri Apr 18 21:13:15 2014 :: Room vnum 3979 have empty room name!
Fri Apr 18 21:13:15 2014 :: Room vnum 3980 have empty room name!
Fri Apr 18 21:13:15 2014 :: Room vnum 3981 have empty room name!
Fri Apr 18 21:13:15 2014 :: Room vnum 3982 have empty room name!
Fri Apr 18 21:13:15 2014 :: Room vnum 3983 have empty room name!
Fri Apr 18 21:13:15 2014 :: Room vnum 3984 have empty room name!
Fri Apr 18 21:13:15 2014 :: Room vnum 3985 have empty room name!
Fri Apr 18 21:13:15 2014 :: Room vnum 3986 have empty room name!
Fri Apr 18 21:13:15 2014 :: Room vnum 3987 have empty room name!
Fri Apr 18 21:13:15 2014 :: Room vnum 3988 have empty room name!
Fri Apr 18 21:13:15 2014 :: Room vnum 3989 have empty room name!
Fri Apr 18 21:13:15 2014 :: Room vnum 3990 have empty room name!
Fri Apr 18 21:13:15 2014 :: Room vnum 3991 have empty room name!
Fri Apr 18 21:13:15 2014 :: Room vnum 3992 have empty room name!
Fri Apr 18 21:13:15 2014 :: Room vnum 3993 have empty room name!
Fri Apr 18 21:13:15 2014 :: Room vnum 3994 have empty room name!
Fri Apr 18 21:13:15 2014 :: Room vnum 3995 have empty room name!
Fri Apr 18 21:13:15 2014 :: Room vnum 3996 have empty room name!
Fri Apr 18 21:13:15 2014 :: Room vnum 3997 have empty room name!
Fri Apr 18 21:13:15 2014 :: Room vnum 3998 have empty room name!
Fri Apr 18 21:13:15 2014 :: Room vnum 3999 have empty room name!
Fri Apr 18 21:13:15 2014 :: Room vnum 4000 have empty room name!
Fri Apr 18 21:13:15 2014 :: Room vnum 4001 have empty room name!
Fri Apr 18 21:13:15 2014 :: Room vnum 4002 have empty room name!
Fri Apr 18 21:13:15 2014 :: Room vnum 4003 have empty room name!
Fri Apr 18 21:13:15 2014 :: Room vnum 4004 have empty room name!
Fri Apr 18 21:13:15 2014 :: Room vnum 4005 have empty room name!
Fri Apr 18 21:13:15 2014 :: Room vnum 4006 have empty room name!
Fri Apr 18 21:13:15 2014 :: Room vnum 4007 have empty room name!
Fri Apr 18 21:13:15 2014 :: Room vnum 4008 have empty room name!
Fri Apr 18 21:13:15 2014 :: Room vnum 4009 have empty room name!
Fri Apr 18 21:13:15 2014 :: Room vnum 4010 have empty room name!
Fri Apr 18 21:13:15 2014 :: Room vnum 4011 have empty room name!
Fri Apr 18 21:13:15 2014 :: Room vnum 4012 have empty room name!
Fri Apr 18 21:13:15 2014 :: Room vnum 4013 have empty room name!
Fri Apr 18 21:13:15 2014 :: Room vnum 4014 have empty room name!
Fri Apr 18 21:13:15 2014 :: Room vnum 4015 have empty room name!
Fri Apr 18 21:13:15 2014 :: Room vnum 4016 have empty room name!
Fri Apr 18 21:13:15 2014 :: Room vnum 4017 have empty room name!
Fri Apr 18 21:13:15 2014 :: Room vnum 4018 have empty room name!
Fri Apr 18 21:13:15 2014 :: Room vnum 4019 have empty room name!
Fri Apr 18 21:13:15 2014 :: Room vnum 4020 have empty room name!
Fri Apr 18 21:13:15 2014 :: Room vnum 4021 have empty room name!
Fri Apr 18 21:13:15 2014 :: Room vnum 4022 have empty room name!
Fri Apr 18 21:13:15 2014 :: Room vnum 4023 have empty room name!
Fri Apr 18 21:13:15 2014 :: Room vnum 4024 have empty room name!
Fri Apr 18 21:13:15 2014 :: Room vnum 4025 have empty room name!
Fri Apr 18 21:13:15 2014 :: Room vnum 4026 have empty room name!
Fri Apr 18 21:13:15 2014 :: Room vnum 4027 have empty room name!
Fri Apr 18 21:13:15 2014 :: Room vnum 4028 have empty room name!
Fri Apr 18 21:13:15 2014 :: Room vnum 4029 have empty room name!
Fri Apr 18 21:13:15 2014 :: Room vnum 4030 have empty room name!
Fri Apr 18 21:13:15 2014 :: Room vnum 4031 have empty room name!
Fri Apr 18 21:13:15 2014 :: Room vnum 4032 have empty room name!
Fri Apr 18 21:13:15 2014 :: Room vnum 4033 have empty room name!
Fri Apr 18 21:13:15 2014 :: Room vnum 4034 have empty room name!
Fri Apr 18 21:13:15 2014 :: Room vnum 4035 have empty room name!
Fri Apr 18 21:13:15 2014 :: Room vnum 4036 have empty room name!
Fri Apr 18 21:13:15 2014 :: Room vnum 4037 have empty room name!
Fri Apr 18 21:13:15 2014 :: Room vnum 4038 have empty room name!
Fri Apr 18 21:13:15 2014 :: Room vnum 4039 have empty room name!
Fri Apr 18 21:13:15 2014 :: Room vnum 4040 have empty room name!
Fri Apr 18 21:13:15 2014 :: Room vnum 4041 have empty room name!
Fri Apr 18 21:13:15 2014 :: Room vnum 4042 have empty room name!
Fri Apr 18 21:13:15 2014 :: Room vnum 4043 have empty room name!
Fri Apr 18 21:13:15 2014 :: Room vnum 4044 have empty room name!
Fri Apr 18 21:13:15 2014 :: Room vnum 4045 have empty room name!
Fri Apr 18 21:13:15 2014 :: Room vnum 4046 have empty room name!
Fri Apr 18 21:13:15 2014 :: Room vnum 4047 have empty room name!
Fri Apr 18 21:13:15 2014 :: Room vnum 4048 have empty room name!
Fri Apr 18 21:13:15 2014 :: Room vnum 4049 have empty room name!
Fri Apr 18 21:13:15 2014 :: Room vnum 4050 have empty room name!
Fri Apr 18 21:13:15 2014 :: Room vnum 4051 have empty room name!
Fri Apr 18 21:13:15 2014 :: Room vnum 4052 have empty room name!
Fri Apr 18 21:13:15 2014 :: Room vnum 4053 have empty room name!
Fri Apr 18 21:13:15 2014 :: Room vnum 4054 have empty room name!
Fri Apr 18 21:13:15 2014 :: Room vnum 4055 have empty room name!
Fri Apr 18 21:13:15 2014 :: Room vnum 4056 have empty room name!
Fri Apr 18 21:13:15 2014 :: Room vnum 4057 have empty room name!
Fri Apr 18 21:13:15 2014 :: Room vnum 4058 have empty room name!
Fri Apr 18 21:13:15 2014 :: Room vnum 4059 have empty room name!
Fri Apr 18 21:13:15 2014 :: Room vnum 4060 have empty room name!
Fri Apr 18 21:13:15 2014 :: Room vnum 4061 have empty room name!
Fri Apr 18 21:13:15 2014 :: Room vnum 4062 have empty room name!
Fri Apr 18 21:13:15 2014 :: Room vnum 4063 have empty room name!
Fri Apr 18 21:13:15 2014 :: Room vnum 4064 have empty room name!
Fri Apr 18 21:13:15 2014 :: Room vnum 4065 have empty room name!
Fri Apr 18 21:13:15 2014 :: Room vnum 4066 have empty room name!
Fri Apr 18 21:13:15 2014 :: Room vnum 4067 have empty room name!
Fri Apr 18 21:13:15 2014 :: Room vnum 4068 have empty room name!
Fri Apr 18 21:13:15 2014 :: Room vnum 4069 have empty room name!
Fri Apr 18 21:13:15 2014 :: Room vnum 4070 have empty room name!
Fri Apr 18 21:13:15 2014 :: Room vnum 4071 have empty room name!
Fri Apr 18 21:13:15 2014 :: Room vnum 4072 have empty room name!
Fri Apr 18 21:13:15 2014 :: Room vnum 4073 have empty room name!
Fri Apr 18 21:13:15 2014 :: Room vnum 4074 have empty room name!
Fri Apr 18 21:13:15 2014 :: Room vnum 4075 have empty room name!
Fri Apr 18 21:13:15 2014 :: Room vnum 4076 have empty room name!
Fri Apr 18 21:13:15 2014 :: Room vnum 4077 have empty room name!
Fri Apr 18 21:13:15 2014 :: Room vnum 4078 have empty room name!
Fri Apr 18 21:13:15 2014 :: Room vnum 4079 have empty room name!
Fri Apr 18 21:13:15 2014 :: Room vnum 4080 have empty room name!
Fri Apr 18 21:13:15 2014 :: Room vnum 4081 have empty room name!
Fri Apr 18 21:13:15 2014 :: Room vnum 4082 have empty room name!
Fri Apr 18 21:13:15 2014 :: Room vnum 4090 have empty room name!
Fri Apr 18 21:13:15 2014 :: Room vnum 4091 have empty room name!
Fri Apr 18 21:13:15 2014 :: Room vnum 4092 have empty room name!
Fri Apr 18 21:13:15 2014 :: Room vnum 4093 have empty room name!
Fri Apr 18 21:13:15 2014 :: Room vnum 4094 have empty room name!
Fri Apr 18 21:13:15 2014 :: Room vnum 4095 have empty room name!
Fri Apr 18 21:13:15 2014 :: Room vnum 290 have empty room name!
Fri Apr 18 21:13:15 2014 :: Room vnum 4763 have empty room name!
Fri Apr 18 21:13:15 2014 :: Room vnum 4848 have empty room name!
Fri Apr 18 21:13:15 2014 :: Room vnum 2905 have empty room name!
Fri Apr 18 21:13:15 2014 :: Room vnum 2906 have empty room name!
Fri Apr 18 21:13:15 2014 :: Room vnum 2907 have empty room name!
Fri Apr 18 21:13:15 2014 :: Room vnum 22057 have empty room name!
Fri Apr 18 21:13:15 2014 :: Room vnum 22058 have empty room name!
Fri Apr 18 21:13:15 2014 :: Room vnum 22489 have empty room name!
Fri Apr 18 21:14:02 2014 :: Creating table of skills of length 261, tama~no 16704
Fri Apr 18 21:14:02 2014 :: Creating race_table of length 52, tama~no 6032
Fri Apr 18 21:14:02 2014 :: Table of races loaded.
Fri Apr 18 21:14:02 2014 :: Creating cmd_table of length 635, tama~no 10160
Fri Apr 18 21:14:02 2014 :: Table of commands loaded.
Fri Apr 18 21:14:02 2014 :: creating social_table of length 296, tama~no 10656
Fri Apr 18 21:14:02 2014 :: Table of socials loaded.
Fri Apr 18 21:14:02 2014 :: Loading guild data file ../data/guild.dat
Fri Apr 18 21:14:02 2014 :: Loaded 8 guilds successfully.
Fri Apr 18 21:14:02 2014 :: Loading SGuild data file ../data/sguild.dat
Fri Apr 18 21:14:02 2014 :: Loaded 4 SGuilds successfully.
Fri Apr 18 21:14:02 2014 :: Loading TGuild data file ../data/tguild.dat
Fri Apr 18 21:14:02 2014 :: Loaded 2 TGuilds successfully.
Fri Apr 18 21:14:02 2014 :: [*****] BUG: Read: (null)
Fri Apr 18 21:14:02 2014 :: [*****] BUG: Read: 0
Fri Apr 18 21:14:02 2014 :: [*****] BUG: Read: 0
Fri Apr 18 21:14:02 2014 :: [*****] BUG: Fix_exits: 4122:0 -> 4124:2 -> 4127.
Fri Apr 18 21:14:02 2014 :: [*****] BUG: Fix_exits: 4122:1 -> 4125:3 -> 4125.
Fri Apr 18 21:14:02 2014 :: [*****] BUG: Fix_exits: 4124:1 -> 4129:3 -> 4127.
Fri Apr 18 21:14:02 2014 :: [*****] BUG: Fix_exits: 4124:2 -> 4127:0 -> 4125.
Fri Apr 18 21:14:02 2014 :: [*****] BUG: Fix_exits: 4124:3 -> 4128:1 -> 4121.
Fri Apr 18 21:14:02 2014 :: [*****] BUG: Fix_exits: 4125:3 -> 4125:1 -> 4121.
Fri Apr 18 21:14:02 2014 :: [*****] BUG: Fix_exits: 4126:0 -> 4127:2 -> 4127.
Fri Apr 18 21:14:02 2014 :: [*****] BUG: Fix_exits: 4126:1 -> 4124:3 -> 4128.
Fri Apr 18 21:14:02 2014 :: [*****] BUG: Fix_exits: 4126:3 -> 4129:1 -> 4122.
Fri Apr 18 21:14:02 2014 :: [*****] BUG: Fix_exits: 4127:1 -> 4122:3 -> 4130.
Fri Apr 18 21:14:02 2014 :: [*****] BUG: Fix_exits: 4127:2 -> 4127:0 -> 4125.
Fri Apr 18 21:14:02 2014 :: [*****] BUG: Fix_exits: 4127:3 -> 4121:1 -> 4123.
Fri Apr 18 21:14:02 2014 :: [*****] BUG: Fix_exits: 4128:0 -> 4128:2 -> 4123.
Fri Apr 18 21:14:02 2014 :: [*****] BUG: Fix_exits: 4128:1 -> 4121:3 -> 4125.
Fri Apr 18 21:14:02 2014 :: [*****] BUG: Fix_exits: 4129:1 -> 4122:3 -> 4130.
Fri Apr 18 21:14:02 2014 :: [*****] BUG: Fix_exits: 4129:2 -> 4127:0 -> 4125.
Fri Apr 18 21:14:02 2014 :: [*****] BUG: Fix_exits: 4129:3 -> 4127:1 -> 4122.
Fri Apr 18 21:14:02 2014 :: [*****] BUG: Fix_exits: 4130:0 -> 4130:2 -> 4131.
Fri Apr 18 21:14:02 2014 :: [*****] BUG: Fix_exits: 4130:3 -> 4130:1 -> 4122.
Fri Apr 18 21:14:02 2014 :: [*****] BUG: Fix_exits: 57:0 -> 91:2 -> 92.
Fri Apr 18 21:14:02 2014 :: [*****] BUG: Fix_exits: 57:1 -> 92:3 -> 91.
Fri Apr 18 21:14:02 2014 :: [*****] BUG: Fix_exits: 57:3 -> 92:1 -> 91.
Fri Apr 18 21:14:02 2014 :: [*****] BUG: Fix_exits: 58:1 -> 92:3 -> 91.
Fri Apr 18 21:14:02 2014 :: [*****] BUG: Fix_exits: 59:3 -> 92:1 -> 91.
Fri Apr 18 21:14:02 2014 :: [*****] BUG: Fix_exits: 64:0 -> 92:2 -> 91.
Fri Apr 18 21:14:02 2014 :: [*****] BUG: Fix_exits: 65:1 -> 91:3 -> 92.
Fri Apr 18 21:14:02 2014 :: [*****] BUG: Fix_exits: 65:3 -> 92:1 -> 91.
Fri Apr 18 21:14:02 2014 :: [*****] BUG: Fix_exits: 66:3 -> 91:1 -> 92.
Fri Apr 18 21:14:02 2014 :: [*****] BUG: Fix_exits: 84:2 -> 84:0 -> 85.
Fri Apr 18 21:14:02 2014 :: [*****] BUG: Fix_exits: 84:3 -> 84:1 -> 83.
Fri Apr 18 21:14:02 2014 :: [*****] BUG: Fix_exits: 90:0 -> 91:2 -> 92.
Fri Apr 18 21:14:02 2014 :: [*****] BUG: Fix_exits: 90:1 -> 92:3 -> 91.
Fri Apr 18 21:14:02 2014 :: [*****] BUG: Fix_exits: 90:3 -> 91:1 -> 92.
Fri Apr 18 21:14:02 2014 :: [*****] BUG: Fix_exits: 93:1 -> 91:3 -> 92.
Fri Apr 18 21:14:02 2014 :: [*****] BUG: Fix_exits: 93:2 -> 92:0 -> 91.
Fri Apr 18 21:14:02 2014 :: [*****] BUG: Fix_exits: 93:3 -> 91:1 -> 92.
Fri Apr 18 21:14:02 2014 :: [*****] BUG: Fix_exits: 94:0 -> 91:2 -> 92.
Fri Apr 18 21:14:02 2014 :: [*****] BUG: Fix_exits: 94:1 -> 92:3 -> 91.
Fri Apr 18 21:14:02 2014 :: [*****] BUG: Fix_exits: 94:2 -> 91:0 -> 92.
Fri Apr 18 21:14:02 2014 :: [*****] BUG: Fix_exits: 95:0 -> 92:2 -> 91.
Fri Apr 18 21:14:02 2014 :: [*****] BUG: Fix_exits: 95:1 -> 91:3 -> 92.
Fri Apr 18 21:14:02 2014 :: [*****] BUG: Fix_exits: 95:2 -> 92:0 -> 91.
Fri Apr 18 21:14:02 2014 :: [*****] BUG: Fix_exits: 96:1 -> 91:3 -> 92.
Fri Apr 18 21:14:02 2014 :: [*****] BUG: Fix_exits: 96:2 -> 91:0 -> 92.
Fri Apr 18 21:14:02 2014 :: [*****] BUG: Fix_exits: 96:3 -> 92:1 -> 91.
Fri Apr 18 21:14:02 2014 :: [*****] BUG: Fix_exits: 97:0 -> 91:2 -> 92.
Fri Apr 18 21:14:02 2014 :: [*****] BUG: Fix_exits: 97:1 -> 92:3 -> 91.
Fri Apr 18 21:14:02 2014 :: [*****] BUG: Fix_exits: 97:2 -> 91:0 -> 92.
Fri Apr 18 21:14:02 2014 :: [*****] BUG: Fix_exits: 31013:1 -> 31012:3 -> 31010.
Fri Apr 18 21:14:02 2014 :: [*****] BUG: Fix_exits: 31013:3 -> 31011:1 -> 31010.
Fri Apr 18 21:14:02 2014 :: [*****] BUG: Fix_exits: 489:1 -> 490:3 -> 491.
Fri Apr 18 21:14:02 2014 :: [*****] BUG: Fix_exits: 490:3 -> 491:1 -> 492.
Fri Apr 18 21:14:02 2014 :: [*****] BUG: Fix_exits: 491:1 -> 492:3 -> 493.
Fri Apr 18 21:14:02 2014 :: [*****] BUG: Fix_exits: 491:3 -> 456:1 -> 489.
Fri Apr 18 21:14:02 2014 :: [*****] BUG: Fix_exits: 492:3 -> 493:1 -> 494.
Fri Apr 18 21:14:02 2014 :: [*****] BUG: Fix_exits: 492:5 -> 495:4 -> 490.
Fri Apr 18 21:14:02 2014 :: [*****] BUG: Fix_exits: 493:1 -> 494:3 -> 489.
Fri Apr 18 21:14:02 2014 :: [*****] BUG: Fix_exits: 493:3 -> 456:1 -> 489.
Fri Apr 18 21:14:02 2014 :: [*****] BUG: Fix_exits: 494:3 -> 489:1 -> 490.
Fri Apr 18 21:14:02 2014 :: [*****] BUG: Fix_exits: 29169:1 -> 29183:3 -> 29184.
Fri Apr 18 21:14:02 2014 :: [*****] BUG: Fix_exits: 27511:5 -> 40464:4 -> 57503.
Fri Apr 18 21:14:02 2014 :: [*****] BUG: Fix_exits: 37776:2 -> 14516:0 -> 14515.
Fri Apr 18 21:14:02 2014 :: [*****] BUG: Fix_exits: 37997:1 -> 55982:3 -> 55981.
Fri Apr 18 21:14:02 2014 :: [*****] BUG: Fix_exits: 5450:3 -> 5450:1 -> 5462.
Fri Apr 18 21:14:02 2014 :: [*****] BUG: Fix_exits: 5454:3 -> 5454:1 -> 5457.
Fri Apr 18 21:14:02 2014 :: [*****] BUG: Fix_exits: 5460:1 -> 5460:3 -> 5459.
Fri Apr 18 21:14:02 2014 :: [*****] BUG: Fix_exits: 5460:2 -> 5460:0 -> 5461.
Fri Apr 18 21:14:02 2014 :: [*****] BUG: Fix_exits: 28241:1 -> 28242:3 -> 28242.
Fri Apr 18 21:14:02 2014 :: [*****] BUG: Fix_exits: 28241:3 -> 28242:1 -> 28242.
Fri Apr 18 21:14:02 2014 :: [*****] BUG: Fix_exits: 28253:0 -> 28182:2 -> 28181.
Fri Apr 18 21:14:02 2014 :: [*****] BUG: Fix_exits: 30432:5 -> 30439:4 -> 30336.
Fri Apr 18 21:14:02 2014 :: [*****] BUG: Fix_exits: 18156:3 -> 18152:1 -> 18154.
Fri Apr 18 21:14:02 2014 :: [*****] BUG: Fix_exits: 18164:2 -> 18153:0 -> 18151.
Fri Apr 18 21:14:02 2014 :: [*****] BUG: Fix_exits: 18166:3 -> 18165:1 -> 18153.
Fri Apr 18 21:14:02 2014 :: [*****] BUG: Fix_exits: 3831:5 -> 3837:4 -> 3839.
Fri Apr 18 21:14:02 2014 :: [*****] BUG: Fix_exits: 3839:4 -> 3831:5 -> 3837.
Fri Apr 18 21:14:02 2014 :: [*****] BUG: Fix_exits: 5894:1 -> 5895:3 -> 5827.
Fri Apr 18 21:14:02 2014 :: [*****] BUG: Fix_exits: 5895:1 -> 5850:3 -> 5870.
Fri Apr 18 21:14:02 2014 :: [*****] BUG: Fix_exits: 5895:2 -> 5833:0 -> 5825.
Fri Apr 18 21:14:02 2014 :: [*****] BUG: Fix_exits: 5895:3 -> 5827:1 -> 5826.
Fri Apr 18 21:14:02 2014 :: [*****] BUG: Fix_exits: 4083:0 -> 4084:2 -> 4085.
Fri Apr 18 21:14:02 2014 :: [*****] BUG: Fix_exits: 4084:2 -> 4085:0 -> 4086.
Fri Apr 18 21:14:02 2014 :: [*****] BUG: Fix_exits: 4085:0 -> 4086:2 -> 4087.
Fri Apr 18 21:14:02 2014 :: [*****] BUG: Fix_exits: 4085:2 -> 4082:0 -> 4083.
Fri Apr 18 21:14:02 2014 :: [*****] BUG: Fix_exits: 4086:2 -> 4087:0 -> 4088.
Fri Apr 18 21:14:02 2014 :: [*****] BUG: Fix_exits: 4087:2 -> 4082:0 -> 4083.
Fri Apr 18 21:14:02 2014 :: [*****] BUG: Fix_mobprogs: code vnum 40200 not found.
Fri Apr 18 21:14:02 2014 :: [*****] BUG: Fix_mobprogs: code vnum 40201 not found.
Fri Apr 18 21:14:02 2014 :: [*****] BUG: Equip_char: already equipped (5).
Fri Apr 18 21:14:02 2014 :: Err: obj {DA {Rleader {Bsword{x (3798) -- 1, mob a training dummy (3768) -- 90
Fri Apr 18 21:14:02 2014 :: [*****] BUG: Equip_char: already equipped (19).
Fri Apr 18 21:14:02 2014 :: [*****] BUG: Equip_char: already equipped (19).
Fri Apr 18 21:14:02 2014 :: [*****] BUG: Equip_char: already equipped (20).
Fri Apr 18 21:14:02 2014 :: [*****] BUG: Equip_char: already equipped (5).
Fri Apr 18 21:14:02 2014 :: Err: obj a {Ys{yi{Wgn{ye{Yt r{yin{Yg{x (39574) -- 50, mob a hawker (39520) -- 40
Fri Apr 18 21:14:02 2014 :: Err: obj a {Ys{yi{Wgn{ye{Yt r{yin{Yg{x (39574) -- 50, mob a hawker (39520) -- 40
Fri Apr 18 21:14:02 2014 :: Err: obj a {Wc{wo{Wtt{wo{Wn a{yp{wr{yo{Wn{x (39567) -- 40, mob mistress of the house (39514) -- 30
Fri Apr 18 21:14:02 2014 :: Err: obj a {Wc{wo{Wtt{wo{Wn a{yp{wr{yo{Wn{x (39567) -- 40, mob mistress of the house (39514) -- 30
Fri Apr 18 21:14:02 2014 :: Loading board ../notes/Announce
Fri Apr 18 21:14:02 2014 :: Loading board ../notes/General
Fri Apr 18 21:14:02 2014 :: Loading board ../notes/Ideas
Fri Apr 18 21:14:02 2014 :: Loading board ../notes/Personal
Fri Apr 18 21:14:02 2014 :: Loading board ../notes/Guild
Fri Apr 18 21:14:02 2014 :: Loading board ../notes/Stories
Fri Apr 18 21:14:02 2014 :: Loading board ../notes/Bugs
Fri Apr 18 21:14:02 2014 :: Loading board ../notes/Permanent
Fri Apr 18 21:14:02 2014 :: Loading board ../notes/Admin
Fri Apr 18 21:14:02 2014 :: Loading board ../notes/PK
Fri Apr 18 21:14:02 2014 :: Loading board ../notes/Immortal
Fri Apr 18 21:14:02 2014 :: Loading board ../notes/Newplayers
Fri Apr 18 21:14:02 2014 :: Loaded 12 boards sucessfully.
Fri Apr 18 21:14:02 2014 :: Looking for Keepers
Fri Apr 18 21:14:02 2014 :: Error loading Keepers: No Keepers found
Fri Apr 18 21:14:02 2014 :: Looking for Vehicles
Fri Apr 18 21:14:02 2014 :: Error loading Vehicles: No Vehicles found
Fri Apr 18 21:14:02 2014 :: Shadows is ready to rock on port 4000.
Fri Apr 18 21:46:09 2014 :: [*****] BUG: Equip_char: already equipped (19).
